ERROR:root:================================================================================
ERROR:root:Sistema de registro de errores del sistema 2025-07-03 20:51:1751590286
ERROR:root:================================================================================
INFO:sqlalchemy.engine.Engine:SELECT DATABASE()
INFO:sqlalchemy.engine.Engine:[raw sql] {}
INFO:sqlalchemy.engine.Engine:SELECT @@sql_mode
INFO:sqlalchemy.engine.Engine:[raw sql] {}
INFO:sqlalchemy.engine.Engine:SELECT @@lower_case_table_names
INFO:sqlalchemy.engine.Engine:[raw sql] {}
INFO:sqlalchemy.engine.Engine:BEGIN (implicit)
INFO:sqlalchemy.engine.Engine:DESCRIBE `tripleup`.`usuario`
INFO:sqlalchemy.engine.Engine:[raw sql] {}
INFO:sqlalchemy.engine.Engine:DESCRIBE `tripleup`.`confirmation_user`
INFO:sqlalchemy.engine.Engine:[raw sql] {}
INFO:sqlalchemy.engine.Engine:DESCRIBE `tripleup`.`familia_afiliado`
INFO:sqlalchemy.engine.Engine:[raw sql] {}
INFO:sqlalchemy.engine.Engine:DESCRIBE `tripleup`.`bitacora`
INFO:sqlalchemy.engine.Engine:[raw sql] {}
INFO:sqlalchemy.engine.Engine:COMMIT
INFO:sqlalchemy.engine.Engine:BEGIN (implicit)
INFO:sqlalchemy.engine.Engine:SELECT count(*) AS count_1 
FROM (SELECT usuario.id AS usuario_id, usuario.username AS usuario_username, usuario.password AS usuario_password, usuario.estado AS usuario_estado, usuario.confirmado AS usuario_confirmado, usuario.id_nivel AS usuario_id_nivel, usuario.codigo AS usuario_codigo, usuario.created AS usuario_created, usuario.updated AS usuario_updated, usuario.confirmated AS usuario_confirmated 
FROM usuario 
WHERE usuario.username = %(username_1)s) AS anon_1
INFO:sqlalchemy.engine.Engine:[generated in 0.00037s] {'username_1': 'eudojosegonzalez@gmail.com'}
INFO:sqlalchemy.engine.Engine:INSERT INTO usuario (username, password, estado, confirmado, id_nivel, codigo, created, updated, confirmated) VALUES (%(username)s, %(password)s, %(estado)s, %(confirmado)s, %(id_nivel)s, %(codigo)s, %(created)s, %(updated)s, %(confirmated)s)
INFO:sqlalchemy.engine.Engine:[generated in 0.00065s] {'username': 'eudojosegonzalez@gmail.com', 'password': '$2b$12$2sgs7T1eea5uTW8b0LjJOeERcZusSyrSuyH3p0I5HsfCbaVGEFZqu', 'estado': 1, 'confirmado': 0, 'id_nivel': 1, 'codigo': 'FB415E0B62F7', 'created': datetime.datetime(2025, 7, 3, 20, 53, 49, 579691), 'updated': None, 'confirmated': None}
INFO:sqlalchemy.engine.Engine:COMMIT
INFO:sqlalchemy.engine.Engine:BEGIN (implicit)
INFO:sqlalchemy.engine.Engine:SELECT usuario.id AS usuario_id, usuario.username AS usuario_username, usuario.password AS usuario_password, usuario.estado AS usuario_estado, usuario.confirmado AS usuario_confirmado, usuario.id_nivel AS usuario_id_nivel, usuario.codigo AS usuario_codigo, usuario.created AS usuario_created, usuario.updated AS usuario_updated, usuario.confirmated AS usuario_confirmated 
FROM usuario 
WHERE usuario.id = %(pk_1)s
INFO:sqlalchemy.engine.Engine:[generated in 0.00025s] {'pk_1': 2}
INFO:sqlalchemy.engine.Engine:INSERT INTO bitacora (user_id, observaciones, created) VALUES (%(user_id)s, %(observaciones)s, %(created)s)
INFO:sqlalchemy.engine.Engine:[generated in 0.00026s] {'user_id': 2, 'observaciones': 'Creacion de usuario nuevo en el sistema Nuevo Id de usuario:2, Nombre del nuevo usuario: eudojosegonzalez@gmail.com codigo asignado=F17388153194', 'created': datetime.datetime(2025, 7, 3, 20, 53, 49, 579691)}
INFO:sqlalchemy.engine.Engine:COMMIT
INFO:sqlalchemy.engine.Engine:BEGIN (implicit)
INFO:sqlalchemy.engine.Engine:SELECT usuario.id AS usuario_id, usuario.username AS usuario_username, usuario.password AS usuario_password, usuario.estado AS usuario_estado, usuario.confirmado AS usuario_confirmado, usuario.id_nivel AS usuario_id_nivel, usuario.codigo AS usuario_codigo, usuario.created AS usuario_created, usuario.updated AS usuario_updated, usuario.confirmated AS usuario_confirmated 
FROM usuario 
WHERE usuario.id = %(pk_1)s
INFO:sqlalchemy.engine.Engine:[cached since 0.006916s ago] {'pk_1': 2}
INFO:sqlalchemy.engine.Engine:INSERT INTO confirmation_user (username, `body`, identificador, confirmado, created, confirmated) VALUES (%(username)s, %(body)s, %(identificador)s, %(confirmado)s, %(created)s, %(confirmated)s)
INFO:sqlalchemy.engine.Engine:[generated in 0.00045s] {'username': 'eudojosegonzalez@gmail.com', 'body': "\n                    <html>\n                    <head>\n                    </head>\n                    <body>\n                    <p>¡Hola ! </p ... (2412 characters truncated) ... tagram.com/tripleupve) | [Tiktok](https://www.tiktok.com/@tripleupv) \n                    </body>\n                    </html>\n                    ", 'identificador': 'efa63a59-d86b-434d-866a-278f3893b015', 'confirmado': 0, 'created': datetime.datetime(2025, 7, 3, 20, 53, 49, 579691), 'confirmated': '1990-01-01'}
INFO:sqlalchemy.engine.Engine:COMMIT
INFO:sqlalchemy.engine.Engine:BEGIN (implicit)
INFO:sqlalchemy.engine.Engine:SELECT count(*) AS count_1 
FROM (SELECT usuario.id AS usuario_id, usuario.username AS usuario_username, usuario.password AS usuario_password, usuario.estado AS usuario_estado, usuario.confirmado AS usuario_confirmado, usuario.id_nivel AS usuario_id_nivel, usuario.codigo AS usuario_codigo, usuario.created AS usuario_created, usuario.updated AS usuario_updated, usuario.confirmated AS usuario_confirmated 
FROM usuario 
WHERE usuario.codigo = %(codigo_1)s) AS anon_1
INFO:sqlalchemy.engine.Engine:[generated in 0.00028s] {'codigo_1': 'F17388153194'}
INFO:sqlalchemy.engine.Engine:SELECT usuario.id AS usuario_id, usuario.username AS usuario_username, usuario.password AS usuario_password, usuario.estado AS usuario_estado, usuario.confirmado AS usuario_confirmado, usuario.id_nivel AS usuario_id_nivel, usuario.codigo AS usuario_codigo, usuario.created AS usuario_created, usuario.updated AS usuario_updated, usuario.confirmated AS usuario_confirmated 
FROM usuario 
WHERE usuario.codigo = %(codigo_1)s 
 LIMIT %(param_1)s
INFO:sqlalchemy.engine.Engine:[generated in 0.00051s] {'codigo_1': 'F17388153194', 'param_1': 1}
INFO:sqlalchemy.engine.Engine:SELECT usuario.id AS usuario_id, usuario.username AS usuario_username, usuario.password AS usuario_password, usuario.estado AS usuario_estado, usuario.confirmado AS usuario_confirmado, usuario.id_nivel AS usuario_id_nivel, usuario.codigo AS usuario_codigo, usuario.created AS usuario_created, usuario.updated AS usuario_updated, usuario.confirmated AS usuario_confirmated 
FROM usuario 
WHERE usuario.id = %(pk_1)s
INFO:sqlalchemy.engine.Engine:[cached since 0.02615s ago] {'pk_1': 2}
INFO:sqlalchemy.engine.Engine:SELECT count(*) AS count_1 
FROM (SELECT familia_afiliado.id AS familia_afiliado_id, familia_afiliado.user_id AS familia_afiliado_user_id, familia_afiliado.codigo_ascendente AS familia_afiliado_codigo_ascendente, familia_afiliado.familiar_id AS familia_afiliado_familiar_id, familia_afiliado.codigo_descendente AS familia_afiliado_codigo_descendente, familia_afiliado.tipo AS familia_afiliado_tipo, familia_afiliado.created AS familia_afiliado_created, familia_afiliado.updated AS familia_afiliado_updated 
FROM familia_afiliado 
WHERE familia_afiliado.user_id = %(user_id_1)s AND familia_afiliado.codigo_ascendente = %(codigo_ascendente_1)s AND familia_afiliado.familiar_id = %(familiar_id_1)s AND familia_afiliado.codigo_descendente = %(codigo_descendente_1)s) AS anon_1
INFO:sqlalchemy.engine.Engine:[generated in 0.00058s] {'user_id_1': 1, 'codigo_ascendente_1': 'F17388153194', 'familiar_id_1': 2, 'codigo_descendente_1': 'FB415E0B62F7'}
INFO:sqlalchemy.engine.Engine:INSERT INTO familia_afiliado (user_id, codigo_ascendente, familiar_id, codigo_descendente, tipo, created, updated) VALUES (%(user_id)s, %(codigo_ascendente)s, %(familiar_id)s, %(codigo_descendente)s, %(tipo)s, %(created)s, %(updated)s)
INFO:sqlalchemy.engine.Engine:[generated in 0.00089s] {'user_id': 1, 'codigo_ascendente': 'F17388153194', 'familiar_id': 2, 'codigo_descendente': 'FB415E0B62F7', 'tipo': 1, 'created': datetime.datetime(2025, 7, 3, 20, 53, 49, 579691), 'updated': '1990-01-01'}
INFO:sqlalchemy.engine.Engine:COMMIT
INFO:sqlalchemy.engine.Engine:BEGIN (implicit)
INFO:sqlalchemy.engine.Engine:SELECT count(*) AS count_1 
FROM (SELECT familia_afiliado.id AS familia_afiliado_id, familia_afiliado.user_id AS familia_afiliado_user_id, familia_afiliado.codigo_ascendente AS familia_afiliado_codigo_ascendente, familia_afiliado.familiar_id AS familia_afiliado_familiar_id, familia_afiliado.codigo_descendente AS familia_afiliado_codigo_descendente, familia_afiliado.tipo AS familia_afiliado_tipo, familia_afiliado.created AS familia_afiliado_created, familia_afiliado.updated AS familia_afiliado_updated 
FROM familia_afiliado 
WHERE familia_afiliado.codigo_descendente = %(codigo_descendente_1)s AND familia_afiliado.tipo = %(tipo_1)s) AS anon_1
INFO:sqlalchemy.engine.Engine:[generated in 0.00029s] {'codigo_descendente_1': 'F17388153194', 'tipo_1': 1}
INFO:sqlalchemy.engine.Engine:BEGIN (implicit)
INFO:sqlalchemy.engine.Engine:SELECT count(*) AS count_1 
FROM (SELECT usuario.id AS usuario_id, usuario.username AS usuario_username, usuario.password AS usuario_password, usuario.estado AS usuario_estado, usuario.confirmado AS usuario_confirmado, usuario.id_nivel AS usuario_id_nivel, usuario.codigo AS usuario_codigo, usuario.created AS usuario_created, usuario.updated AS usuario_updated, usuario.confirmated AS usuario_confirmated 
FROM usuario 
WHERE usuario.username = %(username_1)s) AS anon_1
INFO:sqlalchemy.engine.Engine:[cached since 42.71s ago] {'username_1': 'eudojosegonzalez@hotmail.com'}
INFO:sqlalchemy.engine.Engine:INSERT INTO usuario (username, password, estado, confirmado, id_nivel, codigo, created, updated, confirmated) VALUES (%(username)s, %(password)s, %(estado)s, %(confirmado)s, %(id_nivel)s, %(codigo)s, %(created)s, %(updated)s, %(confirmated)s)
INFO:sqlalchemy.engine.Engine:[cached since 42.68s ago] {'username': 'eudojosegonzalez@hotmail.com', 'password': '$2b$12$w.SJF8OwO3gnXJQgc/2bpu1VFVN7Y8uya6lJ8F6NMZ8Jplc.Fj1DO', 'estado': 1, 'confirmado': 0, 'id_nivel': 1, 'codigo': '940C0E0C1909', 'created': datetime.datetime(2025, 7, 3, 20, 54, 32, 299858), 'updated': None, 'confirmated': None}
INFO:sqlalchemy.engine.Engine:COMMIT
INFO:sqlalchemy.engine.Engine:BEGIN (implicit)
INFO:sqlalchemy.engine.Engine:SELECT usuario.id AS usuario_id, usuario.username AS usuario_username, usuario.password AS usuario_password, usuario.estado AS usuario_estado, usuario.confirmado AS usuario_confirmado, usuario.id_nivel AS usuario_id_nivel, usuario.codigo AS usuario_codigo, usuario.created AS usuario_created, usuario.updated AS usuario_updated, usuario.confirmated AS usuario_confirmated 
FROM usuario 
WHERE usuario.id = %(pk_1)s
INFO:sqlalchemy.engine.Engine:[cached since 42.71s ago] {'pk_1': 3}
INFO:sqlalchemy.engine.Engine:INSERT INTO bitacora (user_id, observaciones, created) VALUES (%(user_id)s, %(observaciones)s, %(created)s)
INFO:sqlalchemy.engine.Engine:[cached since 42.71s ago] {'user_id': 3, 'observaciones': 'Creacion de usuario nuevo en el sistema Nuevo Id de usuario:3, Nombre del nuevo usuario: eudojosegonzalez@hotmail.com codigo asignado=FB415E0B62F7', 'created': datetime.datetime(2025, 7, 3, 20, 54, 32, 299858)}
INFO:sqlalchemy.engine.Engine:COMMIT
INFO:sqlalchemy.engine.Engine:BEGIN (implicit)
INFO:sqlalchemy.engine.Engine:SELECT usuario.id AS usuario_id, usuario.username AS usuario_username, usuario.password AS usuario_password, usuario.estado AS usuario_estado, usuario.confirmado AS usuario_confirmado, usuario.id_nivel AS usuario_id_nivel, usuario.codigo AS usuario_codigo, usuario.created AS usuario_created, usuario.updated AS usuario_updated, usuario.confirmated AS usuario_confirmated 
FROM usuario 
WHERE usuario.id = %(pk_1)s
INFO:sqlalchemy.engine.Engine:[cached since 42.72s ago] {'pk_1': 3}
INFO:sqlalchemy.engine.Engine:INSERT INTO confirmation_user (username, `body`, identificador, confirmado, created, confirmated) VALUES (%(username)s, %(body)s, %(identificador)s, %(confirmado)s, %(created)s, %(confirmated)s)
INFO:sqlalchemy.engine.Engine:[cached since 42.71s ago] {'username': 'eudojosegonzalez@hotmail.com', 'body': "\n                    <html>\n                    <head>\n                    </head>\n                    <body>\n                    <p>¡Hola ! </p ... (2418 characters truncated) ... tagram.com/tripleupve) | [Tiktok](https://www.tiktok.com/@tripleupv) \n                    </body>\n                    </html>\n                    ", 'identificador': '04428b58-ac55-4b9a-9c7a-3882d28826c4', 'confirmado': 0, 'created': datetime.datetime(2025, 7, 3, 20, 54, 32, 299858), 'confirmated': '1990-01-01'}
INFO:sqlalchemy.engine.Engine:COMMIT
INFO:sqlalchemy.engine.Engine:BEGIN (implicit)
INFO:sqlalchemy.engine.Engine:SELECT count(*) AS count_1 
FROM (SELECT usuario.id AS usuario_id, usuario.username AS usuario_username, usuario.password AS usuario_password, usuario.estado AS usuario_estado, usuario.confirmado AS usuario_confirmado, usuario.id_nivel AS usuario_id_nivel, usuario.codigo AS usuario_codigo, usuario.created AS usuario_created, usuario.updated AS usuario_updated, usuario.confirmated AS usuario_confirmated 
FROM usuario 
WHERE usuario.codigo = %(codigo_1)s) AS anon_1
INFO:sqlalchemy.engine.Engine:[cached since 42.7s ago] {'codigo_1': 'FB415E0B62F7'}
INFO:sqlalchemy.engine.Engine:SELECT usuario.id AS usuario_id, usuario.username AS usuario_username, usuario.password AS usuario_password, usuario.estado AS usuario_estado, usuario.confirmado AS usuario_confirmado, usuario.id_nivel AS usuario_id_nivel, usuario.codigo AS usuario_codigo, usuario.created AS usuario_created, usuario.updated AS usuario_updated, usuario.confirmated AS usuario_confirmated 
FROM usuario 
WHERE usuario.codigo = %(codigo_1)s 
 LIMIT %(param_1)s
INFO:sqlalchemy.engine.Engine:[cached since 42.7s ago] {'codigo_1': 'FB415E0B62F7', 'param_1': 1}
INFO:sqlalchemy.engine.Engine:SELECT usuario.id AS usuario_id, usuario.username AS usuario_username, usuario.password AS usuario_password, usuario.estado AS usuario_estado, usuario.confirmado AS usuario_confirmado, usuario.id_nivel AS usuario_id_nivel, usuario.codigo AS usuario_codigo, usuario.created AS usuario_created, usuario.updated AS usuario_updated, usuario.confirmated AS usuario_confirmated 
FROM usuario 
WHERE usuario.id = %(pk_1)s
INFO:sqlalchemy.engine.Engine:[cached since 42.73s ago] {'pk_1': 3}
INFO:sqlalchemy.engine.Engine:SELECT count(*) AS count_1 
FROM (SELECT familia_afiliado.id AS familia_afiliado_id, familia_afiliado.user_id AS familia_afiliado_user_id, familia_afiliado.codigo_ascendente AS familia_afiliado_codigo_ascendente, familia_afiliado.familiar_id AS familia_afiliado_familiar_id, familia_afiliado.codigo_descendente AS familia_afiliado_codigo_descendente, familia_afiliado.tipo AS familia_afiliado_tipo, familia_afiliado.created AS familia_afiliado_created, familia_afiliado.updated AS familia_afiliado_updated 
FROM familia_afiliado 
WHERE familia_afiliado.user_id = %(user_id_1)s AND familia_afiliado.codigo_ascendente = %(codigo_ascendente_1)s AND familia_afiliado.familiar_id = %(familiar_id_1)s AND familia_afiliado.codigo_descendente = %(codigo_descendente_1)s) AS anon_1
INFO:sqlalchemy.engine.Engine:[cached since 42.7s ago] {'user_id_1': 2, 'codigo_ascendente_1': 'FB415E0B62F7', 'familiar_id_1': 3, 'codigo_descendente_1': '940C0E0C1909'}
INFO:sqlalchemy.engine.Engine:INSERT INTO familia_afiliado (user_id, codigo_ascendente, familiar_id, codigo_descendente, tipo, created, updated) VALUES (%(user_id)s, %(codigo_ascendente)s, %(familiar_id)s, %(codigo_descendente)s, %(tipo)s, %(created)s, %(updated)s)
INFO:sqlalchemy.engine.Engine:[cached since 42.69s ago] {'user_id': 2, 'codigo_ascendente': 'FB415E0B62F7', 'familiar_id': 3, 'codigo_descendente': '940C0E0C1909', 'tipo': 1, 'created': datetime.datetime(2025, 7, 3, 20, 54, 32, 299858), 'updated': '1990-01-01'}
INFO:sqlalchemy.engine.Engine:COMMIT
INFO:sqlalchemy.engine.Engine:BEGIN (implicit)
INFO:sqlalchemy.engine.Engine:SELECT count(*) AS count_1 
FROM (SELECT familia_afiliado.id AS familia_afiliado_id, familia_afiliado.user_id AS familia_afiliado_user_id, familia_afiliado.codigo_ascendente AS familia_afiliado_codigo_ascendente, familia_afiliado.familiar_id AS familia_afiliado_familiar_id, familia_afiliado.codigo_descendente AS familia_afiliado_codigo_descendente, familia_afiliado.tipo AS familia_afiliado_tipo, familia_afiliado.created AS familia_afiliado_created, familia_afiliado.updated AS familia_afiliado_updated 
FROM familia_afiliado 
WHERE familia_afiliado.codigo_descendente = %(codigo_descendente_1)s AND familia_afiliado.tipo = %(tipo_1)s) AS anon_1
INFO:sqlalchemy.engine.Engine:[cached since 42.69s ago] {'codigo_descendente_1': 'FB415E0B62F7', 'tipo_1': 1}
INFO:sqlalchemy.engine.Engine:SELECT familia_afiliado.id AS familia_afiliado_id, familia_afiliado.user_id AS familia_afiliado_user_id, familia_afiliado.codigo_ascendente AS familia_afiliado_codigo_ascendente, familia_afiliado.familiar_id AS familia_afiliado_familiar_id, familia_afiliado.codigo_descendente AS familia_afiliado_codigo_descendente, familia_afiliado.tipo AS familia_afiliado_tipo, familia_afiliado.created AS familia_afiliado_created, familia_afiliado.updated AS familia_afiliado_updated 
FROM familia_afiliado 
WHERE familia_afiliado.codigo_descendente = %(codigo_descendente_1)s AND familia_afiliado.tipo = %(tipo_1)s 
 LIMIT %(param_1)s
INFO:sqlalchemy.engine.Engine:[generated in 0.00022s] {'codigo_descendente_1': 'FB415E0B62F7', 'tipo_1': 1, 'param_1': 1}
INFO:sqlalchemy.engine.Engine:INSERT INTO familia_afiliado (user_id, codigo_ascendente, familiar_id, codigo_descendente, tipo, created, updated) VALUES (%(user_id)s, %(codigo_ascendente)s, %(familiar_id)s, %(codigo_descendente)s, %(tipo)s, %(created)s, %(updated)s)
INFO:sqlalchemy.engine.Engine:[cached since 42.7s ago] {'user_id': 2, 'codigo_ascendente': 'F17388153194', 'familiar_id': 1, 'codigo_descendente': '940C0E0C1909', 'tipo': 2, 'created': datetime.datetime(2025, 7, 3, 20, 54, 32, 299858), 'updated': '1990-01-01'}
INFO:sqlalchemy.engine.Engine:COMMIT
INFO:sqlalchemy.engine.Engine:BEGIN (implicit)
INFO:sqlalchemy.engine.Engine:SELECT count(*) AS count_1 
FROM (SELECT usuario.id AS usuario_id, usuario.username AS usuario_username, usuario.password AS usuario_password, usuario.estado AS usuario_estado, usuario.confirmado AS usuario_confirmado, usuario.id_nivel AS usuario_id_nivel, usuario.codigo AS usuario_codigo, usuario.created AS usuario_created, usuario.updated AS usuario_updated, usuario.confirmated AS usuario_confirmated 
FROM usuario 
WHERE usuario.username = %(username_1)s) AS anon_1
INFO:sqlalchemy.engine.Engine:[cached since 196.5s ago] {'username_1': 'eudo@maranathavenezuela.com'}
INFO:sqlalchemy.engine.Engine:INSERT INTO usuario (username, password, estado, confirmado, id_nivel, codigo, created, updated, confirmated) VALUES (%(username)s, %(password)s, %(estado)s, %(confirmado)s, %(id_nivel)s, %(codigo)s, %(created)s, %(updated)s, %(confirmated)s)
INFO:sqlalchemy.engine.Engine:[cached since 196.5s ago] {'username': 'eudo@maranathavenezuela.com', 'password': '$2b$12$AyA9nD6bngvBB3GHmxRH7ObQ880wTsnG2eGyEe1JBauRD8lQrG4Dy', 'estado': 1, 'confirmado': 0, 'id_nivel': 1, 'codigo': 'BF1DB2F18EFA', 'created': datetime.datetime(2025, 7, 3, 20, 57, 6, 126425), 'updated': None, 'confirmated': None}
INFO:sqlalchemy.engine.Engine:COMMIT
INFO:sqlalchemy.engine.Engine:BEGIN (implicit)
INFO:sqlalchemy.engine.Engine:SELECT usuario.id AS usuario_id, usuario.username AS usuario_username, usuario.password AS usuario_password, usuario.estado AS usuario_estado, usuario.confirmado AS usuario_confirmado, usuario.id_nivel AS usuario_id_nivel, usuario.codigo AS usuario_codigo, usuario.created AS usuario_created, usuario.updated AS usuario_updated, usuario.confirmated AS usuario_confirmated 
FROM usuario 
WHERE usuario.id = %(pk_1)s
INFO:sqlalchemy.engine.Engine:[cached since 196.5s ago] {'pk_1': 4}
INFO:sqlalchemy.engine.Engine:INSERT INTO bitacora (user_id, observaciones, created) VALUES (%(user_id)s, %(observaciones)s, %(created)s)
INFO:sqlalchemy.engine.Engine:[cached since 196.5s ago] {'user_id': 4, 'observaciones': 'Creacion de usuario nuevo en el sistema Nuevo Id de usuario:4, Nombre del nuevo usuario: eudo@maranathavenezuela.com codigo asignado=940C0E0C1909', 'created': datetime.datetime(2025, 7, 3, 20, 57, 6, 126425)}
INFO:sqlalchemy.engine.Engine:COMMIT
INFO:sqlalchemy.engine.Engine:BEGIN (implicit)
INFO:sqlalchemy.engine.Engine:SELECT usuario.id AS usuario_id, usuario.username AS usuario_username, usuario.password AS usuario_password, usuario.estado AS usuario_estado, usuario.confirmado AS usuario_confirmado, usuario.id_nivel AS usuario_id_nivel, usuario.codigo AS usuario_codigo, usuario.created AS usuario_created, usuario.updated AS usuario_updated, usuario.confirmated AS usuario_confirmated 
FROM usuario 
WHERE usuario.id = %(pk_1)s
INFO:sqlalchemy.engine.Engine:[cached since 196.5s ago] {'pk_1': 4}
INFO:sqlalchemy.engine.Engine:INSERT INTO confirmation_user (username, `body`, identificador, confirmado, created, confirmated) VALUES (%(username)s, %(body)s, %(identificador)s, %(confirmado)s, %(created)s, %(confirmated)s)
INFO:sqlalchemy.engine.Engine:[cached since 196.5s ago] {'username': 'eudo@maranathavenezuela.com', 'body': "\n                    <html>\n                    <head>\n                    </head>\n                    <body>\n                    <p>¡Hola ! </p ... (2416 characters truncated) ... tagram.com/tripleupve) | [Tiktok](https://www.tiktok.com/@tripleupv) \n                    </body>\n                    </html>\n                    ", 'identificador': '3b2211da-7611-47b3-9036-bc2945251445', 'confirmado': 0, 'created': datetime.datetime(2025, 7, 3, 20, 57, 6, 126425), 'confirmated': '1990-01-01'}
INFO:sqlalchemy.engine.Engine:COMMIT
INFO:sqlalchemy.engine.Engine:BEGIN (implicit)
INFO:sqlalchemy.engine.Engine:SELECT count(*) AS count_1 
FROM (SELECT usuario.id AS usuario_id, usuario.username AS usuario_username, usuario.password AS usuario_password, usuario.estado AS usuario_estado, usuario.confirmado AS usuario_confirmado, usuario.id_nivel AS usuario_id_nivel, usuario.codigo AS usuario_codigo, usuario.created AS usuario_created, usuario.updated AS usuario_updated, usuario.confirmated AS usuario_confirmated 
FROM usuario 
WHERE usuario.codigo = %(codigo_1)s) AS anon_1
INFO:sqlalchemy.engine.Engine:[cached since 196.5s ago] {'codigo_1': '940C0E0C1909'}
INFO:sqlalchemy.engine.Engine:SELECT usuario.id AS usuario_id, usuario.username AS usuario_username, usuario.password AS usuario_password, usuario.estado AS usuario_estado, usuario.confirmado AS usuario_confirmado, usuario.id_nivel AS usuario_id_nivel, usuario.codigo AS usuario_codigo, usuario.created AS usuario_created, usuario.updated AS usuario_updated, usuario.confirmated AS usuario_confirmated 
FROM usuario 
WHERE usuario.codigo = %(codigo_1)s 
 LIMIT %(param_1)s
INFO:sqlalchemy.engine.Engine:[cached since 196.5s ago] {'codigo_1': '940C0E0C1909', 'param_1': 1}
INFO:sqlalchemy.engine.Engine:SELECT usuario.id AS usuario_id, usuario.username AS usuario_username, usuario.password AS usuario_password, usuario.estado AS usuario_estado, usuario.confirmado AS usuario_confirmado, usuario.id_nivel AS usuario_id_nivel, usuario.codigo AS usuario_codigo, usuario.created AS usuario_created, usuario.updated AS usuario_updated, usuario.confirmated AS usuario_confirmated 
FROM usuario 
WHERE usuario.id = %(pk_1)s
INFO:sqlalchemy.engine.Engine:[cached since 196.5s ago] {'pk_1': 4}
INFO:sqlalchemy.engine.Engine:SELECT count(*) AS count_1 
FROM (SELECT familia_afiliado.id AS familia_afiliado_id, familia_afiliado.user_id AS familia_afiliado_user_id, familia_afiliado.codigo_ascendente AS familia_afiliado_codigo_ascendente, familia_afiliado.familiar_id AS familia_afiliado_familiar_id, familia_afiliado.codigo_descendente AS familia_afiliado_codigo_descendente, familia_afiliado.tipo AS familia_afiliado_tipo, familia_afiliado.created AS familia_afiliado_created, familia_afiliado.updated AS familia_afiliado_updated 
FROM familia_afiliado 
WHERE familia_afiliado.user_id = %(user_id_1)s AND familia_afiliado.codigo_ascendente = %(codigo_ascendente_1)s AND familia_afiliado.familiar_id = %(familiar_id_1)s AND familia_afiliado.codigo_descendente = %(codigo_descendente_1)s) AS anon_1
INFO:sqlalchemy.engine.Engine:[cached since 196.5s ago] {'user_id_1': 3, 'codigo_ascendente_1': '940C0E0C1909', 'familiar_id_1': 4, 'codigo_descendente_1': 'BF1DB2F18EFA'}
INFO:sqlalchemy.engine.Engine:INSERT INTO familia_afiliado (user_id, codigo_ascendente, familiar_id, codigo_descendente, tipo, created, updated) VALUES (%(user_id)s, %(codigo_ascendente)s, %(familiar_id)s, %(codigo_descendente)s, %(tipo)s, %(created)s, %(updated)s)
INFO:sqlalchemy.engine.Engine:[cached since 196.5s ago] {'user_id': 3, 'codigo_ascendente': '940C0E0C1909', 'familiar_id': 4, 'codigo_descendente': 'BF1DB2F18EFA', 'tipo': 1, 'created': datetime.datetime(2025, 7, 3, 20, 57, 6, 126425), 'updated': '1990-01-01'}
INFO:sqlalchemy.engine.Engine:COMMIT
INFO:sqlalchemy.engine.Engine:BEGIN (implicit)
INFO:sqlalchemy.engine.Engine:SELECT count(*) AS count_1 
FROM (SELECT familia_afiliado.id AS familia_afiliado_id, familia_afiliado.user_id AS familia_afiliado_user_id, familia_afiliado.codigo_ascendente AS familia_afiliado_codigo_ascendente, familia_afiliado.familiar_id AS familia_afiliado_familiar_id, familia_afiliado.codigo_descendente AS familia_afiliado_codigo_descendente, familia_afiliado.tipo AS familia_afiliado_tipo, familia_afiliado.created AS familia_afiliado_created, familia_afiliado.updated AS familia_afiliado_updated 
FROM familia_afiliado 
WHERE familia_afiliado.codigo_descendente = %(codigo_descendente_1)s AND familia_afiliado.tipo = %(tipo_1)s) AS anon_1
INFO:sqlalchemy.engine.Engine:[cached since 196.5s ago] {'codigo_descendente_1': '940C0E0C1909', 'tipo_1': 1}
INFO:sqlalchemy.engine.Engine:SELECT familia_afiliado.id AS familia_afiliado_id, familia_afiliado.user_id AS familia_afiliado_user_id, familia_afiliado.codigo_ascendente AS familia_afiliado_codigo_ascendente, familia_afiliado.familiar_id AS familia_afiliado_familiar_id, familia_afiliado.codigo_descendente AS familia_afiliado_codigo_descendente, familia_afiliado.tipo AS familia_afiliado_tipo, familia_afiliado.created AS familia_afiliado_created, familia_afiliado.updated AS familia_afiliado_updated 
FROM familia_afiliado 
WHERE familia_afiliado.codigo_descendente = %(codigo_descendente_1)s AND familia_afiliado.tipo = %(tipo_1)s 
 LIMIT %(param_1)s
INFO:sqlalchemy.engine.Engine:[cached since 153.8s ago] {'codigo_descendente_1': '940C0E0C1909', 'tipo_1': 1, 'param_1': 1}
INFO:sqlalchemy.engine.Engine:INSERT INTO familia_afiliado (user_id, codigo_ascendente, familiar_id, codigo_descendente, tipo, created, updated) VALUES (%(user_id)s, %(codigo_ascendente)s, %(familiar_id)s, %(codigo_descendente)s, %(tipo)s, %(created)s, %(updated)s)
INFO:sqlalchemy.engine.Engine:[cached since 196.5s ago] {'user_id': 3, 'codigo_ascendente': 'FB415E0B62F7', 'familiar_id': 2, 'codigo_descendente': 'BF1DB2F18EFA', 'tipo': 2, 'created': datetime.datetime(2025, 7, 3, 20, 57, 6, 126425), 'updated': '1990-01-01'}
INFO:sqlalchemy.engine.Engine:COMMIT
ERROR:sqlalchemy.pool.impl.QueuePool:Exception during reset or similar
Traceback (most recent call last):
  File "/home/egonzalez/project/tripleup/venv/lib64/python3.12/site-packages/pymysql/connections.py", line 806, in _write_bytes
    self._sock.sendall(data)
ConnectionResetError: [Errno 104] Connection reset by peer

During handling of the above exception, another exception occurred:

Traceback (most recent call last):
  File "/home/egonzalez/project/tripleup/venv/lib64/python3.12/site-packages/sqlalchemy/pool/base.py", line 987, in _finalize_fairy
    fairy._reset(
  File "/home/egonzalez/project/tripleup/venv/lib64/python3.12/site-packages/sqlalchemy/pool/base.py", line 1433, in _reset
    pool._dialect.do_rollback(self)
  File "/home/egonzalez/project/tripleup/venv/lib64/python3.12/site-packages/sqlalchemy/engine/default.py", line 703, in do_rollback
    dbapi_connection.rollback()
  File "/home/egonzalez/project/tripleup/venv/lib64/python3.12/site-packages/pymysql/connections.py", line 492, in rollback
    self._execute_command(COMMAND.COM_QUERY, "ROLLBACK")
  File "/home/egonzalez/project/tripleup/venv/lib64/python3.12/site-packages/pymysql/connections.py", line 864, in _execute_command
    self._write_bytes(packet)
  File "/home/egonzalez/project/tripleup/venv/lib64/python3.12/site-packages/pymysql/connections.py", line 809, in _write_bytes
    raise err.OperationalError(
pymysql.err.OperationalError: (2006, "MySQL server has gone away (ConnectionResetError(104, 'Connection reset by peer'))")
