ERROR:root:================================================================================
ERROR:root:Sistema de registro de errores del sistema 2025-07-30 21:22:1753924944
ERROR:root:================================================================================
INFO:sqlalchemy.engine.Engine:SELECT DATABASE()
INFO:sqlalchemy.engine.Engine:[raw sql] {}
INFO:sqlalchemy.engine.Engine:SELECT @@sql_mode
INFO:sqlalchemy.engine.Engine:[raw sql] {}
INFO:sqlalchemy.engine.Engine:SELECT @@lower_case_table_names
INFO:sqlalchemy.engine.Engine:[raw sql] {}
INFO:sqlalchemy.engine.Engine:BEGIN (implicit)
INFO:sqlalchemy.engine.Engine:DESCRIBE `tripleup`.`usuario`
INFO:sqlalchemy.engine.Engine:[raw sql] {}
INFO:sqlalchemy.engine.Engine:DESCRIBE `tripleup`.`confirmation_user`
INFO:sqlalchemy.engine.Engine:[raw sql] {}
INFO:sqlalchemy.engine.Engine:DESCRIBE `tripleup`.`familia_afiliado`
INFO:sqlalchemy.engine.Engine:[raw sql] {}
INFO:sqlalchemy.engine.Engine:DESCRIBE `tripleup`.`datos_personales`
INFO:sqlalchemy.engine.Engine:[raw sql] {}
INFO:sqlalchemy.engine.Engine:DESCRIBE `tripleup`.`bitacora`
INFO:sqlalchemy.engine.Engine:[raw sql] {}
INFO:sqlalchemy.engine.Engine:DESCRIBE `tripleup`.`aseguradora`
INFO:sqlalchemy.engine.Engine:[raw sql] {}
INFO:sqlalchemy.engine.Engine:DESCRIBE `tripleup`.`producto_poliza`
INFO:sqlalchemy.engine.Engine:[raw sql] {}
INFO:sqlalchemy.engine.Engine:COMMIT
ERROR:root:================================================================================
ERROR:root:Sistema de registro de errores del sistema 2025-07-30 21:25:1753925129
ERROR:root:================================================================================
INFO:sqlalchemy.engine.Engine:SELECT DATABASE()
INFO:sqlalchemy.engine.Engine:[raw sql] {}
INFO:sqlalchemy.engine.Engine:SELECT @@sql_mode
INFO:sqlalchemy.engine.Engine:[raw sql] {}
INFO:sqlalchemy.engine.Engine:SELECT @@lower_case_table_names
INFO:sqlalchemy.engine.Engine:[raw sql] {}
INFO:sqlalchemy.engine.Engine:BEGIN (implicit)
INFO:sqlalchemy.engine.Engine:DESCRIBE `tripleup`.`usuario`
INFO:sqlalchemy.engine.Engine:[raw sql] {}
INFO:sqlalchemy.engine.Engine:DESCRIBE `tripleup`.`confirmation_user`
INFO:sqlalchemy.engine.Engine:[raw sql] {}
INFO:sqlalchemy.engine.Engine:DESCRIBE `tripleup`.`familia_afiliado`
INFO:sqlalchemy.engine.Engine:[raw sql] {}
INFO:sqlalchemy.engine.Engine:DESCRIBE `tripleup`.`datos_personales`
INFO:sqlalchemy.engine.Engine:[raw sql] {}
INFO:sqlalchemy.engine.Engine:DESCRIBE `tripleup`.`bitacora`
INFO:sqlalchemy.engine.Engine:[raw sql] {}
INFO:sqlalchemy.engine.Engine:DESCRIBE `tripleup`.`aseguradora`
INFO:sqlalchemy.engine.Engine:[raw sql] {}
INFO:sqlalchemy.engine.Engine:DESCRIBE `tripleup`.`producto_poliza`
INFO:sqlalchemy.engine.Engine:[raw sql] {}
INFO:sqlalchemy.engine.Engine:COMMIT
ERROR:root:================================================================================
ERROR:root:Sistema de registro de errores del sistema 2025-07-30 21:25:1753925159
ERROR:root:================================================================================
INFO:sqlalchemy.engine.Engine:SELECT DATABASE()
INFO:sqlalchemy.engine.Engine:[raw sql] {}
INFO:sqlalchemy.engine.Engine:SELECT @@sql_mode
INFO:sqlalchemy.engine.Engine:[raw sql] {}
INFO:sqlalchemy.engine.Engine:SELECT @@lower_case_table_names
INFO:sqlalchemy.engine.Engine:[raw sql] {}
INFO:sqlalchemy.engine.Engine:BEGIN (implicit)
INFO:sqlalchemy.engine.Engine:DESCRIBE `tripleup`.`usuario`
INFO:sqlalchemy.engine.Engine:[raw sql] {}
INFO:sqlalchemy.engine.Engine:DESCRIBE `tripleup`.`confirmation_user`
INFO:sqlalchemy.engine.Engine:[raw sql] {}
INFO:sqlalchemy.engine.Engine:DESCRIBE `tripleup`.`familia_afiliado`
INFO:sqlalchemy.engine.Engine:[raw sql] {}
INFO:sqlalchemy.engine.Engine:DESCRIBE `tripleup`.`datos_personales`
INFO:sqlalchemy.engine.Engine:[raw sql] {}
INFO:sqlalchemy.engine.Engine:DESCRIBE `tripleup`.`bitacora`
INFO:sqlalchemy.engine.Engine:[raw sql] {}
INFO:sqlalchemy.engine.Engine:DESCRIBE `tripleup`.`aseguradora`
INFO:sqlalchemy.engine.Engine:[raw sql] {}
INFO:sqlalchemy.engine.Engine:DESCRIBE `tripleup`.`producto_poliza`
INFO:sqlalchemy.engine.Engine:[raw sql] {}
INFO:sqlalchemy.engine.Engine:COMMIT
ERROR:root:================================================================================
ERROR:root:Sistema de registro de errores del sistema 2025-07-30 21:26:1753925169
ERROR:root:================================================================================
INFO:sqlalchemy.engine.Engine:SELECT DATABASE()
INFO:sqlalchemy.engine.Engine:[raw sql] {}
INFO:sqlalchemy.engine.Engine:SELECT @@sql_mode
INFO:sqlalchemy.engine.Engine:[raw sql] {}
INFO:sqlalchemy.engine.Engine:SELECT @@lower_case_table_names
INFO:sqlalchemy.engine.Engine:[raw sql] {}
INFO:sqlalchemy.engine.Engine:BEGIN (implicit)
INFO:sqlalchemy.engine.Engine:DESCRIBE `tripleup`.`usuario`
INFO:sqlalchemy.engine.Engine:[raw sql] {}
INFO:sqlalchemy.engine.Engine:DESCRIBE `tripleup`.`confirmation_user`
INFO:sqlalchemy.engine.Engine:[raw sql] {}
INFO:sqlalchemy.engine.Engine:DESCRIBE `tripleup`.`familia_afiliado`
INFO:sqlalchemy.engine.Engine:[raw sql] {}
INFO:sqlalchemy.engine.Engine:DESCRIBE `tripleup`.`datos_personales`
INFO:sqlalchemy.engine.Engine:[raw sql] {}
INFO:sqlalchemy.engine.Engine:DESCRIBE `tripleup`.`bitacora`
INFO:sqlalchemy.engine.Engine:[raw sql] {}
INFO:sqlalchemy.engine.Engine:DESCRIBE `tripleup`.`aseguradora`
INFO:sqlalchemy.engine.Engine:[raw sql] {}
INFO:sqlalchemy.engine.Engine:DESCRIBE `tripleup`.`producto_poliza`
INFO:sqlalchemy.engine.Engine:[raw sql] {}
INFO:sqlalchemy.engine.Engine:COMMIT
ERROR:root:================================================================================
ERROR:root:Sistema de registro de errores del sistema 2025-07-30 21:26:1753925174
ERROR:root:================================================================================
INFO:sqlalchemy.engine.Engine:SELECT DATABASE()
INFO:sqlalchemy.engine.Engine:[raw sql] {}
INFO:sqlalchemy.engine.Engine:SELECT @@sql_mode
INFO:sqlalchemy.engine.Engine:[raw sql] {}
INFO:sqlalchemy.engine.Engine:SELECT @@lower_case_table_names
INFO:sqlalchemy.engine.Engine:[raw sql] {}
INFO:sqlalchemy.engine.Engine:BEGIN (implicit)
INFO:sqlalchemy.engine.Engine:DESCRIBE `tripleup`.`usuario`
INFO:sqlalchemy.engine.Engine:[raw sql] {}
INFO:sqlalchemy.engine.Engine:DESCRIBE `tripleup`.`confirmation_user`
INFO:sqlalchemy.engine.Engine:[raw sql] {}
INFO:sqlalchemy.engine.Engine:DESCRIBE `tripleup`.`familia_afiliado`
INFO:sqlalchemy.engine.Engine:[raw sql] {}
INFO:sqlalchemy.engine.Engine:DESCRIBE `tripleup`.`datos_personales`
INFO:sqlalchemy.engine.Engine:[raw sql] {}
INFO:sqlalchemy.engine.Engine:DESCRIBE `tripleup`.`bitacora`
INFO:sqlalchemy.engine.Engine:[raw sql] {}
INFO:sqlalchemy.engine.Engine:DESCRIBE `tripleup`.`aseguradora`
INFO:sqlalchemy.engine.Engine:[raw sql] {}
INFO:sqlalchemy.engine.Engine:DESCRIBE `tripleup`.`producto_poliza`
INFO:sqlalchemy.engine.Engine:[raw sql] {}
INFO:sqlalchemy.engine.Engine:COMMIT
ERROR:root:================================================================================
ERROR:root:Sistema de registro de errores del sistema 2025-07-30 21:27:1753925279
ERROR:root:================================================================================
ERROR:root:================================================================================
ERROR:root:Sistema de registro de errores del sistema 2025-07-30 21:28:1753925282
ERROR:root:================================================================================
INFO:sqlalchemy.engine.Engine:SELECT DATABASE()
INFO:sqlalchemy.engine.Engine:[raw sql] {}
INFO:sqlalchemy.engine.Engine:SELECT @@sql_mode
INFO:sqlalchemy.engine.Engine:[raw sql] {}
INFO:sqlalchemy.engine.Engine:SELECT @@lower_case_table_names
INFO:sqlalchemy.engine.Engine:[raw sql] {}
INFO:sqlalchemy.engine.Engine:BEGIN (implicit)
INFO:sqlalchemy.engine.Engine:DESCRIBE `tripleup`.`usuario`
INFO:sqlalchemy.engine.Engine:[raw sql] {}
INFO:sqlalchemy.engine.Engine:DESCRIBE `tripleup`.`confirmation_user`
INFO:sqlalchemy.engine.Engine:[raw sql] {}
INFO:sqlalchemy.engine.Engine:DESCRIBE `tripleup`.`familia_afiliado`
INFO:sqlalchemy.engine.Engine:[raw sql] {}
INFO:sqlalchemy.engine.Engine:DESCRIBE `tripleup`.`datos_personales`
INFO:sqlalchemy.engine.Engine:[raw sql] {}
INFO:sqlalchemy.engine.Engine:DESCRIBE `tripleup`.`bitacora`
INFO:sqlalchemy.engine.Engine:[raw sql] {}
INFO:sqlalchemy.engine.Engine:DESCRIBE `tripleup`.`aseguradora`
INFO:sqlalchemy.engine.Engine:[raw sql] {}
INFO:sqlalchemy.engine.Engine:DESCRIBE `tripleup`.`producto_poliza`
INFO:sqlalchemy.engine.Engine:[raw sql] {}
INFO:sqlalchemy.engine.Engine:COMMIT
ERROR:root:================================================================================
ERROR:root:Sistema de registro de errores del sistema 2025-07-30 21:28:1753925286
ERROR:root:================================================================================
INFO:sqlalchemy.engine.Engine:SELECT DATABASE()
INFO:sqlalchemy.engine.Engine:[raw sql] {}
INFO:sqlalchemy.engine.Engine:SELECT @@sql_mode
INFO:sqlalchemy.engine.Engine:[raw sql] {}
INFO:sqlalchemy.engine.Engine:SELECT @@lower_case_table_names
INFO:sqlalchemy.engine.Engine:[raw sql] {}
INFO:sqlalchemy.engine.Engine:BEGIN (implicit)
INFO:sqlalchemy.engine.Engine:DESCRIBE `tripleup`.`usuario`
INFO:sqlalchemy.engine.Engine:[raw sql] {}
INFO:sqlalchemy.engine.Engine:DESCRIBE `tripleup`.`confirmation_user`
INFO:sqlalchemy.engine.Engine:[raw sql] {}
INFO:sqlalchemy.engine.Engine:DESCRIBE `tripleup`.`familia_afiliado`
INFO:sqlalchemy.engine.Engine:[raw sql] {}
INFO:sqlalchemy.engine.Engine:DESCRIBE `tripleup`.`datos_personales`
INFO:sqlalchemy.engine.Engine:[raw sql] {}
INFO:sqlalchemy.engine.Engine:DESCRIBE `tripleup`.`bitacora`
INFO:sqlalchemy.engine.Engine:[raw sql] {}
INFO:sqlalchemy.engine.Engine:DESCRIBE `tripleup`.`aseguradora`
INFO:sqlalchemy.engine.Engine:[raw sql] {}
INFO:sqlalchemy.engine.Engine:DESCRIBE `tripleup`.`producto_poliza`
INFO:sqlalchemy.engine.Engine:[raw sql] {}
INFO:sqlalchemy.engine.Engine:COMMIT
ERROR:root:================================================================================
ERROR:root:Sistema de registro de errores del sistema 2025-07-30 21:28:1753925297
ERROR:root:================================================================================
INFO:sqlalchemy.engine.Engine:SELECT DATABASE()
INFO:sqlalchemy.engine.Engine:[raw sql] {}
INFO:sqlalchemy.engine.Engine:SELECT @@sql_mode
INFO:sqlalchemy.engine.Engine:[raw sql] {}
INFO:sqlalchemy.engine.Engine:SELECT @@lower_case_table_names
INFO:sqlalchemy.engine.Engine:[raw sql] {}
INFO:sqlalchemy.engine.Engine:BEGIN (implicit)
INFO:sqlalchemy.engine.Engine:DESCRIBE `tripleup`.`usuario`
INFO:sqlalchemy.engine.Engine:[raw sql] {}
INFO:sqlalchemy.engine.Engine:DESCRIBE `tripleup`.`confirmation_user`
INFO:sqlalchemy.engine.Engine:[raw sql] {}
INFO:sqlalchemy.engine.Engine:DESCRIBE `tripleup`.`familia_afiliado`
INFO:sqlalchemy.engine.Engine:[raw sql] {}
INFO:sqlalchemy.engine.Engine:DESCRIBE `tripleup`.`datos_personales`
INFO:sqlalchemy.engine.Engine:[raw sql] {}
INFO:sqlalchemy.engine.Engine:DESCRIBE `tripleup`.`bitacora`
INFO:sqlalchemy.engine.Engine:[raw sql] {}
INFO:sqlalchemy.engine.Engine:DESCRIBE `tripleup`.`aseguradora`
INFO:sqlalchemy.engine.Engine:[raw sql] {}
INFO:sqlalchemy.engine.Engine:DESCRIBE `tripleup`.`producto_poliza`
INFO:sqlalchemy.engine.Engine:[raw sql] {}
INFO:sqlalchemy.engine.Engine:COMMIT
ERROR:root:================================================================================
ERROR:root:Sistema de registro de errores del sistema 2025-07-30 21:28:1753925301
ERROR:root:================================================================================
INFO:sqlalchemy.engine.Engine:SELECT DATABASE()
INFO:sqlalchemy.engine.Engine:[raw sql] {}
INFO:sqlalchemy.engine.Engine:SELECT @@sql_mode
INFO:sqlalchemy.engine.Engine:[raw sql] {}
INFO:sqlalchemy.engine.Engine:SELECT @@lower_case_table_names
INFO:sqlalchemy.engine.Engine:[raw sql] {}
INFO:sqlalchemy.engine.Engine:BEGIN (implicit)
INFO:sqlalchemy.engine.Engine:DESCRIBE `tripleup`.`usuario`
INFO:sqlalchemy.engine.Engine:[raw sql] {}
INFO:sqlalchemy.engine.Engine:DESCRIBE `tripleup`.`confirmation_user`
INFO:sqlalchemy.engine.Engine:[raw sql] {}
INFO:sqlalchemy.engine.Engine:DESCRIBE `tripleup`.`familia_afiliado`
INFO:sqlalchemy.engine.Engine:[raw sql] {}
INFO:sqlalchemy.engine.Engine:DESCRIBE `tripleup`.`datos_personales`
INFO:sqlalchemy.engine.Engine:[raw sql] {}
INFO:sqlalchemy.engine.Engine:DESCRIBE `tripleup`.`bitacora`
INFO:sqlalchemy.engine.Engine:[raw sql] {}
INFO:sqlalchemy.engine.Engine:DESCRIBE `tripleup`.`aseguradora`
INFO:sqlalchemy.engine.Engine:[raw sql] {}
INFO:sqlalchemy.engine.Engine:DESCRIBE `tripleup`.`producto_poliza`
INFO:sqlalchemy.engine.Engine:[raw sql] {}
INFO:sqlalchemy.engine.Engine:COMMIT
ERROR:root:================================================================================
ERROR:root:Sistema de registro de errores del sistema 2025-07-30 21:28:1753925303
ERROR:root:================================================================================
INFO:sqlalchemy.engine.Engine:SELECT DATABASE()
INFO:sqlalchemy.engine.Engine:[raw sql] {}
INFO:sqlalchemy.engine.Engine:SELECT @@sql_mode
INFO:sqlalchemy.engine.Engine:[raw sql] {}
INFO:sqlalchemy.engine.Engine:SELECT @@lower_case_table_names
INFO:sqlalchemy.engine.Engine:[raw sql] {}
INFO:sqlalchemy.engine.Engine:BEGIN (implicit)
INFO:sqlalchemy.engine.Engine:DESCRIBE `tripleup`.`usuario`
INFO:sqlalchemy.engine.Engine:[raw sql] {}
INFO:sqlalchemy.engine.Engine:DESCRIBE `tripleup`.`confirmation_user`
INFO:sqlalchemy.engine.Engine:[raw sql] {}
INFO:sqlalchemy.engine.Engine:DESCRIBE `tripleup`.`familia_afiliado`
INFO:sqlalchemy.engine.Engine:[raw sql] {}
INFO:sqlalchemy.engine.Engine:DESCRIBE `tripleup`.`datos_personales`
INFO:sqlalchemy.engine.Engine:[raw sql] {}
INFO:sqlalchemy.engine.Engine:DESCRIBE `tripleup`.`bitacora`
INFO:sqlalchemy.engine.Engine:[raw sql] {}
INFO:sqlalchemy.engine.Engine:DESCRIBE `tripleup`.`aseguradora`
INFO:sqlalchemy.engine.Engine:[raw sql] {}
INFO:sqlalchemy.engine.Engine:DESCRIBE `tripleup`.`producto_poliza`
INFO:sqlalchemy.engine.Engine:[raw sql] {}
INFO:sqlalchemy.engine.Engine:COMMIT
ERROR:root:================================================================================
ERROR:root:Sistema de registro de errores del sistema 2025-07-30 21:28:1753925307
ERROR:root:================================================================================
INFO:sqlalchemy.engine.Engine:SELECT DATABASE()
INFO:sqlalchemy.engine.Engine:[raw sql] {}
INFO:sqlalchemy.engine.Engine:SELECT @@sql_mode
INFO:sqlalchemy.engine.Engine:[raw sql] {}
INFO:sqlalchemy.engine.Engine:SELECT @@lower_case_table_names
INFO:sqlalchemy.engine.Engine:[raw sql] {}
INFO:sqlalchemy.engine.Engine:BEGIN (implicit)
INFO:sqlalchemy.engine.Engine:DESCRIBE `tripleup`.`usuario`
INFO:sqlalchemy.engine.Engine:[raw sql] {}
INFO:sqlalchemy.engine.Engine:DESCRIBE `tripleup`.`confirmation_user`
INFO:sqlalchemy.engine.Engine:[raw sql] {}
INFO:sqlalchemy.engine.Engine:DESCRIBE `tripleup`.`familia_afiliado`
INFO:sqlalchemy.engine.Engine:[raw sql] {}
INFO:sqlalchemy.engine.Engine:DESCRIBE `tripleup`.`datos_personales`
INFO:sqlalchemy.engine.Engine:[raw sql] {}
INFO:sqlalchemy.engine.Engine:DESCRIBE `tripleup`.`bitacora`
INFO:sqlalchemy.engine.Engine:[raw sql] {}
INFO:sqlalchemy.engine.Engine:DESCRIBE `tripleup`.`aseguradora`
INFO:sqlalchemy.engine.Engine:[raw sql] {}
INFO:sqlalchemy.engine.Engine:DESCRIBE `tripleup`.`producto_poliza`
INFO:sqlalchemy.engine.Engine:[raw sql] {}
INFO:sqlalchemy.engine.Engine:COMMIT
ERROR:root:================================================================================
ERROR:root:Sistema de registro de errores del sistema 2025-07-30 21:28:1753925309
ERROR:root:================================================================================
INFO:sqlalchemy.engine.Engine:SELECT DATABASE()
INFO:sqlalchemy.engine.Engine:[raw sql] {}
INFO:sqlalchemy.engine.Engine:SELECT @@sql_mode
INFO:sqlalchemy.engine.Engine:[raw sql] {}
INFO:sqlalchemy.engine.Engine:SELECT @@lower_case_table_names
INFO:sqlalchemy.engine.Engine:[raw sql] {}
INFO:sqlalchemy.engine.Engine:BEGIN (implicit)
INFO:sqlalchemy.engine.Engine:DESCRIBE `tripleup`.`usuario`
INFO:sqlalchemy.engine.Engine:[raw sql] {}
INFO:sqlalchemy.engine.Engine:DESCRIBE `tripleup`.`confirmation_user`
INFO:sqlalchemy.engine.Engine:[raw sql] {}
INFO:sqlalchemy.engine.Engine:DESCRIBE `tripleup`.`familia_afiliado`
INFO:sqlalchemy.engine.Engine:[raw sql] {}
INFO:sqlalchemy.engine.Engine:DESCRIBE `tripleup`.`datos_personales`
INFO:sqlalchemy.engine.Engine:[raw sql] {}
INFO:sqlalchemy.engine.Engine:DESCRIBE `tripleup`.`bitacora`
INFO:sqlalchemy.engine.Engine:[raw sql] {}
INFO:sqlalchemy.engine.Engine:DESCRIBE `tripleup`.`aseguradora`
INFO:sqlalchemy.engine.Engine:[raw sql] {}
INFO:sqlalchemy.engine.Engine:DESCRIBE `tripleup`.`producto_poliza`
INFO:sqlalchemy.engine.Engine:[raw sql] {}
INFO:sqlalchemy.engine.Engine:COMMIT
ERROR:root:================================================================================
ERROR:root:Sistema de registro de errores del sistema 2025-07-30 21:28:1753925312
ERROR:root:================================================================================
INFO:sqlalchemy.engine.Engine:SELECT DATABASE()
INFO:sqlalchemy.engine.Engine:[raw sql] {}
INFO:sqlalchemy.engine.Engine:SELECT @@sql_mode
INFO:sqlalchemy.engine.Engine:[raw sql] {}
INFO:sqlalchemy.engine.Engine:SELECT @@lower_case_table_names
INFO:sqlalchemy.engine.Engine:[raw sql] {}
INFO:sqlalchemy.engine.Engine:BEGIN (implicit)
INFO:sqlalchemy.engine.Engine:DESCRIBE `tripleup`.`usuario`
INFO:sqlalchemy.engine.Engine:[raw sql] {}
INFO:sqlalchemy.engine.Engine:DESCRIBE `tripleup`.`confirmation_user`
INFO:sqlalchemy.engine.Engine:[raw sql] {}
INFO:sqlalchemy.engine.Engine:DESCRIBE `tripleup`.`familia_afiliado`
INFO:sqlalchemy.engine.Engine:[raw sql] {}
INFO:sqlalchemy.engine.Engine:DESCRIBE `tripleup`.`datos_personales`
INFO:sqlalchemy.engine.Engine:[raw sql] {}
INFO:sqlalchemy.engine.Engine:DESCRIBE `tripleup`.`bitacora`
INFO:sqlalchemy.engine.Engine:[raw sql] {}
INFO:sqlalchemy.engine.Engine:DESCRIBE `tripleup`.`aseguradora`
INFO:sqlalchemy.engine.Engine:[raw sql] {}
INFO:sqlalchemy.engine.Engine:DESCRIBE `tripleup`.`producto_poliza`
INFO:sqlalchemy.engine.Engine:[raw sql] {}
INFO:sqlalchemy.engine.Engine:COMMIT
ERROR:root:================================================================================
ERROR:root:Sistema de registro de errores del sistema 2025-07-30 21:28:1753925326
ERROR:root:================================================================================
INFO:sqlalchemy.engine.Engine:SELECT DATABASE()
INFO:sqlalchemy.engine.Engine:[raw sql] {}
INFO:sqlalchemy.engine.Engine:SELECT @@sql_mode
INFO:sqlalchemy.engine.Engine:[raw sql] {}
INFO:sqlalchemy.engine.Engine:SELECT @@lower_case_table_names
INFO:sqlalchemy.engine.Engine:[raw sql] {}
INFO:sqlalchemy.engine.Engine:BEGIN (implicit)
INFO:sqlalchemy.engine.Engine:DESCRIBE `tripleup`.`usuario`
INFO:sqlalchemy.engine.Engine:[raw sql] {}
INFO:sqlalchemy.engine.Engine:DESCRIBE `tripleup`.`confirmation_user`
INFO:sqlalchemy.engine.Engine:[raw sql] {}
INFO:sqlalchemy.engine.Engine:DESCRIBE `tripleup`.`familia_afiliado`
INFO:sqlalchemy.engine.Engine:[raw sql] {}
INFO:sqlalchemy.engine.Engine:DESCRIBE `tripleup`.`datos_personales`
INFO:sqlalchemy.engine.Engine:[raw sql] {}
INFO:sqlalchemy.engine.Engine:DESCRIBE `tripleup`.`bitacora`
INFO:sqlalchemy.engine.Engine:[raw sql] {}
INFO:sqlalchemy.engine.Engine:DESCRIBE `tripleup`.`aseguradora`
INFO:sqlalchemy.engine.Engine:[raw sql] {}
INFO:sqlalchemy.engine.Engine:DESCRIBE `tripleup`.`producto_poliza`
INFO:sqlalchemy.engine.Engine:[raw sql] {}
INFO:sqlalchemy.engine.Engine:COMMIT
ERROR:root:================================================================================
ERROR:root:Sistema de registro de errores del sistema 2025-07-30 21:28:1753925330
ERROR:root:================================================================================
INFO:sqlalchemy.engine.Engine:SELECT DATABASE()
INFO:sqlalchemy.engine.Engine:[raw sql] {}
INFO:sqlalchemy.engine.Engine:SELECT @@sql_mode
INFO:sqlalchemy.engine.Engine:[raw sql] {}
INFO:sqlalchemy.engine.Engine:SELECT @@lower_case_table_names
INFO:sqlalchemy.engine.Engine:[raw sql] {}
INFO:sqlalchemy.engine.Engine:BEGIN (implicit)
INFO:sqlalchemy.engine.Engine:DESCRIBE `tripleup`.`usuario`
INFO:sqlalchemy.engine.Engine:[raw sql] {}
INFO:sqlalchemy.engine.Engine:DESCRIBE `tripleup`.`confirmation_user`
INFO:sqlalchemy.engine.Engine:[raw sql] {}
INFO:sqlalchemy.engine.Engine:DESCRIBE `tripleup`.`familia_afiliado`
INFO:sqlalchemy.engine.Engine:[raw sql] {}
INFO:sqlalchemy.engine.Engine:DESCRIBE `tripleup`.`datos_personales`
INFO:sqlalchemy.engine.Engine:[raw sql] {}
INFO:sqlalchemy.engine.Engine:DESCRIBE `tripleup`.`bitacora`
INFO:sqlalchemy.engine.Engine:[raw sql] {}
INFO:sqlalchemy.engine.Engine:DESCRIBE `tripleup`.`aseguradora`
INFO:sqlalchemy.engine.Engine:[raw sql] {}
INFO:sqlalchemy.engine.Engine:DESCRIBE `tripleup`.`producto_poliza`
INFO:sqlalchemy.engine.Engine:[raw sql] {}
INFO:sqlalchemy.engine.Engine:COMMIT
ERROR:root:================================================================================
ERROR:root:Sistema de registro de errores del sistema 2025-07-30 21:29:1753925364
ERROR:root:================================================================================
INFO:sqlalchemy.engine.Engine:SELECT DATABASE()
INFO:sqlalchemy.engine.Engine:[raw sql] {}
INFO:sqlalchemy.engine.Engine:SELECT @@sql_mode
INFO:sqlalchemy.engine.Engine:[raw sql] {}
INFO:sqlalchemy.engine.Engine:SELECT @@lower_case_table_names
INFO:sqlalchemy.engine.Engine:[raw sql] {}
INFO:sqlalchemy.engine.Engine:BEGIN (implicit)
INFO:sqlalchemy.engine.Engine:DESCRIBE `tripleup`.`usuario`
INFO:sqlalchemy.engine.Engine:[raw sql] {}
INFO:sqlalchemy.engine.Engine:DESCRIBE `tripleup`.`confirmation_user`
INFO:sqlalchemy.engine.Engine:[raw sql] {}
INFO:sqlalchemy.engine.Engine:DESCRIBE `tripleup`.`familia_afiliado`
INFO:sqlalchemy.engine.Engine:[raw sql] {}
INFO:sqlalchemy.engine.Engine:DESCRIBE `tripleup`.`datos_personales`
INFO:sqlalchemy.engine.Engine:[raw sql] {}
INFO:sqlalchemy.engine.Engine:DESCRIBE `tripleup`.`bitacora`
INFO:sqlalchemy.engine.Engine:[raw sql] {}
INFO:sqlalchemy.engine.Engine:DESCRIBE `tripleup`.`aseguradora`
INFO:sqlalchemy.engine.Engine:[raw sql] {}
INFO:sqlalchemy.engine.Engine:DESCRIBE `tripleup`.`producto_poliza`
INFO:sqlalchemy.engine.Engine:[raw sql] {}
INFO:sqlalchemy.engine.Engine:COMMIT
ERROR:root:================================================================================
ERROR:root:Sistema de registro de errores del sistema 2025-07-30 21:29:1753925382
ERROR:root:================================================================================
INFO:sqlalchemy.engine.Engine:SELECT DATABASE()
INFO:sqlalchemy.engine.Engine:[raw sql] {}
INFO:sqlalchemy.engine.Engine:SELECT @@sql_mode
INFO:sqlalchemy.engine.Engine:[raw sql] {}
INFO:sqlalchemy.engine.Engine:SELECT @@lower_case_table_names
INFO:sqlalchemy.engine.Engine:[raw sql] {}
INFO:sqlalchemy.engine.Engine:BEGIN (implicit)
INFO:sqlalchemy.engine.Engine:DESCRIBE `tripleup`.`usuario`
INFO:sqlalchemy.engine.Engine:[raw sql] {}
INFO:sqlalchemy.engine.Engine:DESCRIBE `tripleup`.`confirmation_user`
INFO:sqlalchemy.engine.Engine:[raw sql] {}
INFO:sqlalchemy.engine.Engine:DESCRIBE `tripleup`.`familia_afiliado`
INFO:sqlalchemy.engine.Engine:[raw sql] {}
INFO:sqlalchemy.engine.Engine:DESCRIBE `tripleup`.`datos_personales`
INFO:sqlalchemy.engine.Engine:[raw sql] {}
INFO:sqlalchemy.engine.Engine:DESCRIBE `tripleup`.`bitacora`
INFO:sqlalchemy.engine.Engine:[raw sql] {}
INFO:sqlalchemy.engine.Engine:DESCRIBE `tripleup`.`aseguradora`
INFO:sqlalchemy.engine.Engine:[raw sql] {}
INFO:sqlalchemy.engine.Engine:DESCRIBE `tripleup`.`producto_poliza`
INFO:sqlalchemy.engine.Engine:[raw sql] {}
INFO:sqlalchemy.engine.Engine:COMMIT
ERROR:root:================================================================================
ERROR:root:Sistema de registro de errores del sistema 2025-07-30 21:29:1753925384
ERROR:root:================================================================================
INFO:sqlalchemy.engine.Engine:SELECT DATABASE()
INFO:sqlalchemy.engine.Engine:[raw sql] {}
INFO:sqlalchemy.engine.Engine:SELECT @@sql_mode
INFO:sqlalchemy.engine.Engine:[raw sql] {}
INFO:sqlalchemy.engine.Engine:SELECT @@lower_case_table_names
INFO:sqlalchemy.engine.Engine:[raw sql] {}
INFO:sqlalchemy.engine.Engine:BEGIN (implicit)
INFO:sqlalchemy.engine.Engine:DESCRIBE `tripleup`.`usuario`
INFO:sqlalchemy.engine.Engine:[raw sql] {}
INFO:sqlalchemy.engine.Engine:DESCRIBE `tripleup`.`confirmation_user`
INFO:sqlalchemy.engine.Engine:[raw sql] {}
INFO:sqlalchemy.engine.Engine:DESCRIBE `tripleup`.`familia_afiliado`
INFO:sqlalchemy.engine.Engine:[raw sql] {}
INFO:sqlalchemy.engine.Engine:DESCRIBE `tripleup`.`datos_personales`
INFO:sqlalchemy.engine.Engine:[raw sql] {}
INFO:sqlalchemy.engine.Engine:DESCRIBE `tripleup`.`bitacora`
INFO:sqlalchemy.engine.Engine:[raw sql] {}
INFO:sqlalchemy.engine.Engine:DESCRIBE `tripleup`.`aseguradora`
INFO:sqlalchemy.engine.Engine:[raw sql] {}
INFO:sqlalchemy.engine.Engine:DESCRIBE `tripleup`.`producto_poliza`
INFO:sqlalchemy.engine.Engine:[raw sql] {}
INFO:sqlalchemy.engine.Engine:COMMIT
ERROR:root:================================================================================
ERROR:root:Sistema de registro de errores del sistema 2025-07-30 21:29:1753925389
ERROR:root:================================================================================
INFO:sqlalchemy.engine.Engine:SELECT DATABASE()
INFO:sqlalchemy.engine.Engine:[raw sql] {}
INFO:sqlalchemy.engine.Engine:SELECT @@sql_mode
INFO:sqlalchemy.engine.Engine:[raw sql] {}
INFO:sqlalchemy.engine.Engine:SELECT @@lower_case_table_names
INFO:sqlalchemy.engine.Engine:[raw sql] {}
INFO:sqlalchemy.engine.Engine:BEGIN (implicit)
INFO:sqlalchemy.engine.Engine:DESCRIBE `tripleup`.`usuario`
INFO:sqlalchemy.engine.Engine:[raw sql] {}
INFO:sqlalchemy.engine.Engine:DESCRIBE `tripleup`.`confirmation_user`
INFO:sqlalchemy.engine.Engine:[raw sql] {}
INFO:sqlalchemy.engine.Engine:DESCRIBE `tripleup`.`familia_afiliado`
INFO:sqlalchemy.engine.Engine:[raw sql] {}
INFO:sqlalchemy.engine.Engine:DESCRIBE `tripleup`.`datos_personales`
INFO:sqlalchemy.engine.Engine:[raw sql] {}
INFO:sqlalchemy.engine.Engine:DESCRIBE `tripleup`.`bitacora`
INFO:sqlalchemy.engine.Engine:[raw sql] {}
INFO:sqlalchemy.engine.Engine:DESCRIBE `tripleup`.`aseguradora`
INFO:sqlalchemy.engine.Engine:[raw sql] {}
INFO:sqlalchemy.engine.Engine:DESCRIBE `tripleup`.`producto_poliza`
INFO:sqlalchemy.engine.Engine:[raw sql] {}
INFO:sqlalchemy.engine.Engine:COMMIT
INFO:sqlalchemy.engine.Engine:BEGIN (implicit)
INFO:sqlalchemy.engine.Engine:SELECT usuario.id AS usuario_id, usuario.username AS usuario_username, usuario.password AS usuario_password, usuario.estado AS usuario_estado, usuario.confirmado AS usuario_confirmado, usuario.id_nivel AS usuario_id_nivel, usuario.codigo AS usuario_codigo, usuario.created AS usuario_created, usuario.updated AS usuario_updated, usuario.confirmated AS usuario_confirmated 
FROM usuario 
WHERE usuario.username = %(username_1)s 
 LIMIT %(param_1)s
INFO:sqlalchemy.engine.Engine:[generated in 0.00028s] {'username_1': 'xarcx2@gmail.com', 'param_1': 1}
INFO:sqlalchemy.engine.Engine:INSERT INTO bitacora (user_id, observaciones, created) VALUES (%(user_id)s, %(observaciones)s, %(created)s)
INFO:sqlalchemy.engine.Engine:[generated in 0.00028s] {'user_id': 1, 'observaciones': 'Login', 'created': datetime.datetime(2025, 7, 30, 21, 30, 13, 850003)}
INFO:sqlalchemy.engine.Engine:COMMIT
INFO:sqlalchemy.engine.Engine:BEGIN (implicit)
INFO:sqlalchemy.engine.Engine:SELECT usuario.id AS usuario_id, usuario.username AS usuario_username, usuario.password AS usuario_password, usuario.estado AS usuario_estado, usuario.confirmado AS usuario_confirmado, usuario.id_nivel AS usuario_id_nivel, usuario.codigo AS usuario_codigo, usuario.created AS usuario_created, usuario.updated AS usuario_updated, usuario.confirmated AS usuario_confirmated 
FROM usuario 
WHERE usuario.id = %(pk_1)s
INFO:sqlalchemy.engine.Engine:[generated in 0.00025s] {'pk_1': 1}
INFO:sqlalchemy.engine.Engine:SELECT count(*) AS count_1 
FROM (SELECT datos_personales.id AS datos_personales_id, datos_personales.user_id AS datos_personales_user_id, datos_personales.nombres AS datos_personales_nombres, datos_personales.apellidos AS datos_personales_apellidos, datos_personales.sexo AS datos_personales_sexo, datos_personales.fecha_nac AS datos_personales_fecha_nac, datos_personales.created AS datos_personales_created, datos_personales.updated AS datos_personales_updated 
FROM datos_personales 
WHERE datos_personales.user_id = %(user_id_1)s) AS anon_1
INFO:sqlalchemy.engine.Engine:[generated in 0.00026s] {'user_id_1': 1}
ERROR:sqlalchemy.pool.impl.QueuePool:Exception during reset or similar
Traceback (most recent call last):
  File "/home/egonzalez/project/tripleup/venv/lib64/python3.12/site-packages/pymysql/connections.py", line 806, in _write_bytes
    self._sock.sendall(data)
ConnectionResetError: [Errno 104] Connection reset by peer

During handling of the above exception, another exception occurred:

Traceback (most recent call last):
  File "/home/egonzalez/project/tripleup/venv/lib64/python3.12/site-packages/sqlalchemy/pool/base.py", line 987, in _finalize_fairy
    fairy._reset(
  File "/home/egonzalez/project/tripleup/venv/lib64/python3.12/site-packages/sqlalchemy/pool/base.py", line 1433, in _reset
    pool._dialect.do_rollback(self)
  File "/home/egonzalez/project/tripleup/venv/lib64/python3.12/site-packages/sqlalchemy/engine/default.py", line 703, in do_rollback
    dbapi_connection.rollback()
  File "/home/egonzalez/project/tripleup/venv/lib64/python3.12/site-packages/pymysql/connections.py", line 492, in rollback
    self._execute_command(COMMAND.COM_QUERY, "ROLLBACK")
  File "/home/egonzalez/project/tripleup/venv/lib64/python3.12/site-packages/pymysql/connections.py", line 864, in _execute_command
    self._write_bytes(packet)
  File "/home/egonzalez/project/tripleup/venv/lib64/python3.12/site-packages/pymysql/connections.py", line 809, in _write_bytes
    raise err.OperationalError(
pymysql.err.OperationalError: (2006, "MySQL server has gone away (ConnectionResetError(104, 'Connection reset by peer'))")
