ERROR:root:================================================================================
ERROR:root:Sistema de registro de errores del sistema 2025-07-02 21:12:1751505175
ERROR:root:================================================================================
INFO:sqlalchemy.engine.Engine:SELECT DATABASE()
INFO:sqlalchemy.engine.Engine:[raw sql] {}
INFO:sqlalchemy.engine.Engine:SELECT @@sql_mode
INFO:sqlalchemy.engine.Engine:[raw sql] {}
INFO:sqlalchemy.engine.Engine:SELECT @@lower_case_table_names
INFO:sqlalchemy.engine.Engine:[raw sql] {}
INFO:sqlalchemy.engine.Engine:BEGIN (implicit)
INFO:sqlalchemy.engine.Engine:DESCRIBE `tripleup`.`usuario`
INFO:sqlalchemy.engine.Engine:[raw sql] {}
INFO:sqlalchemy.engine.Engine:DESCRIBE `tripleup`.`confirmation_user`
INFO:sqlalchemy.engine.Engine:[raw sql] {}
INFO:sqlalchemy.engine.Engine:DESCRIBE `tripleup`.`familia_afiliado`
INFO:sqlalchemy.engine.Engine:[raw sql] {}
INFO:sqlalchemy.engine.Engine:DESCRIBE `tripleup`.`bitacora`
INFO:sqlalchemy.engine.Engine:[raw sql] {}
INFO:sqlalchemy.engine.Engine:COMMIT
ERROR:root:================================================================================
ERROR:root:Sistema de registro de errores del sistema 2025-07-02 21:18:1751505527
ERROR:root:================================================================================
INFO:sqlalchemy.engine.Engine:SELECT DATABASE()
INFO:sqlalchemy.engine.Engine:[raw sql] {}
INFO:sqlalchemy.engine.Engine:SELECT @@sql_mode
INFO:sqlalchemy.engine.Engine:[raw sql] {}
INFO:sqlalchemy.engine.Engine:SELECT @@lower_case_table_names
INFO:sqlalchemy.engine.Engine:[raw sql] {}
INFO:sqlalchemy.engine.Engine:BEGIN (implicit)
INFO:sqlalchemy.engine.Engine:DESCRIBE `tripleup`.`usuario`
INFO:sqlalchemy.engine.Engine:[raw sql] {}
INFO:sqlalchemy.engine.Engine:DESCRIBE `tripleup`.`confirmation_user`
INFO:sqlalchemy.engine.Engine:[raw sql] {}
INFO:sqlalchemy.engine.Engine:DESCRIBE `tripleup`.`familia_afiliado`
INFO:sqlalchemy.engine.Engine:[raw sql] {}
INFO:sqlalchemy.engine.Engine:DESCRIBE `tripleup`.`bitacora`
INFO:sqlalchemy.engine.Engine:[raw sql] {}
INFO:sqlalchemy.engine.Engine:COMMIT
ERROR:root:Fecha 2025-07-02 21:19:03
ERROR:root:Error 'coroutine' object is not subscriptable
ERROR:root:================================================================================
ERROR:root:Sistema de registro de errores del sistema 2025-07-02 21:19:1751505588
ERROR:root:================================================================================
INFO:sqlalchemy.engine.Engine:SELECT DATABASE()
INFO:sqlalchemy.engine.Engine:[raw sql] {}
INFO:sqlalchemy.engine.Engine:SELECT @@sql_mode
INFO:sqlalchemy.engine.Engine:[raw sql] {}
INFO:sqlalchemy.engine.Engine:SELECT @@lower_case_table_names
INFO:sqlalchemy.engine.Engine:[raw sql] {}
INFO:sqlalchemy.engine.Engine:BEGIN (implicit)
INFO:sqlalchemy.engine.Engine:DESCRIBE `tripleup`.`usuario`
INFO:sqlalchemy.engine.Engine:[raw sql] {}
INFO:sqlalchemy.engine.Engine:DESCRIBE `tripleup`.`confirmation_user`
INFO:sqlalchemy.engine.Engine:[raw sql] {}
INFO:sqlalchemy.engine.Engine:DESCRIBE `tripleup`.`familia_afiliado`
INFO:sqlalchemy.engine.Engine:[raw sql] {}
INFO:sqlalchemy.engine.Engine:DESCRIBE `tripleup`.`bitacora`
INFO:sqlalchemy.engine.Engine:[raw sql] {}
INFO:sqlalchemy.engine.Engine:COMMIT
ERROR:root:================================================================================
ERROR:root:Sistema de registro de errores del sistema 2025-07-02 21:20:1751505619
ERROR:root:================================================================================
INFO:sqlalchemy.engine.Engine:SELECT DATABASE()
INFO:sqlalchemy.engine.Engine:[raw sql] {}
INFO:sqlalchemy.engine.Engine:SELECT @@sql_mode
INFO:sqlalchemy.engine.Engine:[raw sql] {}
INFO:sqlalchemy.engine.Engine:SELECT @@lower_case_table_names
INFO:sqlalchemy.engine.Engine:[raw sql] {}
INFO:sqlalchemy.engine.Engine:BEGIN (implicit)
INFO:sqlalchemy.engine.Engine:DESCRIBE `tripleup`.`usuario`
INFO:sqlalchemy.engine.Engine:[raw sql] {}
INFO:sqlalchemy.engine.Engine:DESCRIBE `tripleup`.`confirmation_user`
INFO:sqlalchemy.engine.Engine:[raw sql] {}
INFO:sqlalchemy.engine.Engine:DESCRIBE `tripleup`.`familia_afiliado`
INFO:sqlalchemy.engine.Engine:[raw sql] {}
INFO:sqlalchemy.engine.Engine:DESCRIBE `tripleup`.`bitacora`
INFO:sqlalchemy.engine.Engine:[raw sql] {}
INFO:sqlalchemy.engine.Engine:COMMIT
ERROR:root:================================================================================
ERROR:root:Sistema de registro de errores del sistema 2025-07-02 21:24:1751505840
ERROR:root:================================================================================
INFO:sqlalchemy.engine.Engine:SELECT DATABASE()
INFO:sqlalchemy.engine.Engine:[raw sql] {}
INFO:sqlalchemy.engine.Engine:SELECT @@sql_mode
INFO:sqlalchemy.engine.Engine:[raw sql] {}
INFO:sqlalchemy.engine.Engine:SELECT @@lower_case_table_names
INFO:sqlalchemy.engine.Engine:[raw sql] {}
INFO:sqlalchemy.engine.Engine:BEGIN (implicit)
INFO:sqlalchemy.engine.Engine:DESCRIBE `tripleup`.`usuario`
INFO:sqlalchemy.engine.Engine:[raw sql] {}
INFO:sqlalchemy.engine.Engine:DESCRIBE `tripleup`.`confirmation_user`
INFO:sqlalchemy.engine.Engine:[raw sql] {}
INFO:sqlalchemy.engine.Engine:DESCRIBE `tripleup`.`familia_afiliado`
INFO:sqlalchemy.engine.Engine:[raw sql] {}
INFO:sqlalchemy.engine.Engine:DESCRIBE `tripleup`.`bitacora`
INFO:sqlalchemy.engine.Engine:[raw sql] {}
INFO:sqlalchemy.engine.Engine:COMMIT
ERROR:root:Fecha 2025-07-02 21:24:08
ERROR:root:Error 'coroutine' object is not subscriptable
ERROR:root:Fecha 2025-07-02 21:27:40
ERROR:root:Error 'coroutine' object is not subscriptable
ERROR:root:================================================================================
ERROR:root:Sistema de registro de errores del sistema 2025-07-02 21:28:1751506089
ERROR:root:================================================================================
INFO:sqlalchemy.engine.Engine:SELECT DATABASE()
INFO:sqlalchemy.engine.Engine:[raw sql] {}
INFO:sqlalchemy.engine.Engine:SELECT @@sql_mode
INFO:sqlalchemy.engine.Engine:[raw sql] {}
INFO:sqlalchemy.engine.Engine:SELECT @@lower_case_table_names
INFO:sqlalchemy.engine.Engine:[raw sql] {}
INFO:sqlalchemy.engine.Engine:BEGIN (implicit)
INFO:sqlalchemy.engine.Engine:DESCRIBE `tripleup`.`usuario`
INFO:sqlalchemy.engine.Engine:[raw sql] {}
INFO:sqlalchemy.engine.Engine:DESCRIBE `tripleup`.`confirmation_user`
INFO:sqlalchemy.engine.Engine:[raw sql] {}
INFO:sqlalchemy.engine.Engine:DESCRIBE `tripleup`.`familia_afiliado`
INFO:sqlalchemy.engine.Engine:[raw sql] {}
INFO:sqlalchemy.engine.Engine:DESCRIBE `tripleup`.`bitacora`
INFO:sqlalchemy.engine.Engine:[raw sql] {}
INFO:sqlalchemy.engine.Engine:COMMIT
ERROR:root:Fecha 2025-07-02 21:28:15
ERROR:root:Error 'coroutine' object is not subscriptable
ERROR:root:================================================================================
ERROR:root:Sistema de registro de errores del sistema 2025-07-02 21:30:1751506256
ERROR:root:================================================================================
INFO:sqlalchemy.engine.Engine:SELECT DATABASE()
INFO:sqlalchemy.engine.Engine:[raw sql] {}
INFO:sqlalchemy.engine.Engine:SELECT @@sql_mode
INFO:sqlalchemy.engine.Engine:[raw sql] {}
INFO:sqlalchemy.engine.Engine:SELECT @@lower_case_table_names
INFO:sqlalchemy.engine.Engine:[raw sql] {}
INFO:sqlalchemy.engine.Engine:BEGIN (implicit)
INFO:sqlalchemy.engine.Engine:DESCRIBE `tripleup`.`usuario`
INFO:sqlalchemy.engine.Engine:[raw sql] {}
INFO:sqlalchemy.engine.Engine:DESCRIBE `tripleup`.`confirmation_user`
INFO:sqlalchemy.engine.Engine:[raw sql] {}
INFO:sqlalchemy.engine.Engine:DESCRIBE `tripleup`.`familia_afiliado`
INFO:sqlalchemy.engine.Engine:[raw sql] {}
INFO:sqlalchemy.engine.Engine:DESCRIBE `tripleup`.`bitacora`
INFO:sqlalchemy.engine.Engine:[raw sql] {}
INFO:sqlalchemy.engine.Engine:COMMIT
ERROR:root:Fecha 2025-07-02 21:31:05
ERROR:root:Error 'coroutine' object is not subscriptable
ERROR:root:================================================================================
ERROR:root:Sistema de registro de errores del sistema 2025-07-02 21:32:1751506360
ERROR:root:================================================================================
INFO:sqlalchemy.engine.Engine:SELECT DATABASE()
INFO:sqlalchemy.engine.Engine:[raw sql] {}
INFO:sqlalchemy.engine.Engine:SELECT @@sql_mode
INFO:sqlalchemy.engine.Engine:[raw sql] {}
INFO:sqlalchemy.engine.Engine:SELECT @@lower_case_table_names
INFO:sqlalchemy.engine.Engine:[raw sql] {}
INFO:sqlalchemy.engine.Engine:BEGIN (implicit)
INFO:sqlalchemy.engine.Engine:DESCRIBE `tripleup`.`usuario`
INFO:sqlalchemy.engine.Engine:[raw sql] {}
INFO:sqlalchemy.engine.Engine:DESCRIBE `tripleup`.`confirmation_user`
INFO:sqlalchemy.engine.Engine:[raw sql] {}
INFO:sqlalchemy.engine.Engine:DESCRIBE `tripleup`.`familia_afiliado`
INFO:sqlalchemy.engine.Engine:[raw sql] {}
INFO:sqlalchemy.engine.Engine:DESCRIBE `tripleup`.`bitacora`
INFO:sqlalchemy.engine.Engine:[raw sql] {}
INFO:sqlalchemy.engine.Engine:COMMIT
ERROR:root:================================================================================
ERROR:root:Sistema de registro de errores del sistema 2025-07-02 21:35:1751506547
ERROR:root:================================================================================
INFO:sqlalchemy.engine.Engine:SELECT DATABASE()
INFO:sqlalchemy.engine.Engine:[raw sql] {}
INFO:sqlalchemy.engine.Engine:SELECT @@sql_mode
INFO:sqlalchemy.engine.Engine:[raw sql] {}
INFO:sqlalchemy.engine.Engine:SELECT @@lower_case_table_names
INFO:sqlalchemy.engine.Engine:[raw sql] {}
INFO:sqlalchemy.engine.Engine:BEGIN (implicit)
INFO:sqlalchemy.engine.Engine:DESCRIBE `tripleup`.`usuario`
INFO:sqlalchemy.engine.Engine:[raw sql] {}
INFO:sqlalchemy.engine.Engine:DESCRIBE `tripleup`.`confirmation_user`
INFO:sqlalchemy.engine.Engine:[raw sql] {}
INFO:sqlalchemy.engine.Engine:DESCRIBE `tripleup`.`familia_afiliado`
INFO:sqlalchemy.engine.Engine:[raw sql] {}
INFO:sqlalchemy.engine.Engine:DESCRIBE `tripleup`.`bitacora`
INFO:sqlalchemy.engine.Engine:[raw sql] {}
INFO:sqlalchemy.engine.Engine:COMMIT
ERROR:root:Fecha 2025-07-02 21:35:57
ERROR:root:Error 'coroutine' object is not subscriptable
ERROR:root:================================================================================
ERROR:root:Sistema de registro de errores del sistema 2025-07-02 21:36:1751506567
ERROR:root:================================================================================
INFO:sqlalchemy.engine.Engine:SELECT DATABASE()
INFO:sqlalchemy.engine.Engine:[raw sql] {}
INFO:sqlalchemy.engine.Engine:SELECT @@sql_mode
INFO:sqlalchemy.engine.Engine:[raw sql] {}
INFO:sqlalchemy.engine.Engine:SELECT @@lower_case_table_names
INFO:sqlalchemy.engine.Engine:[raw sql] {}
INFO:sqlalchemy.engine.Engine:BEGIN (implicit)
INFO:sqlalchemy.engine.Engine:DESCRIBE `tripleup`.`usuario`
INFO:sqlalchemy.engine.Engine:[raw sql] {}
INFO:sqlalchemy.engine.Engine:DESCRIBE `tripleup`.`confirmation_user`
INFO:sqlalchemy.engine.Engine:[raw sql] {}
INFO:sqlalchemy.engine.Engine:DESCRIBE `tripleup`.`familia_afiliado`
INFO:sqlalchemy.engine.Engine:[raw sql] {}
INFO:sqlalchemy.engine.Engine:DESCRIBE `tripleup`.`bitacora`
INFO:sqlalchemy.engine.Engine:[raw sql] {}
INFO:sqlalchemy.engine.Engine:COMMIT
INFO:sqlalchemy.engine.Engine:BEGIN (implicit)
INFO:sqlalchemy.engine.Engine:SELECT count(*) AS count_1 
FROM (SELECT usuario.id AS usuario_id, usuario.username AS usuario_username, usuario.password AS usuario_password, usuario.estado AS usuario_estado, usuario.confirmado AS usuario_confirmado, usuario.id_nivel AS usuario_id_nivel, usuario.codigo AS usuario_codigo, usuario.created AS usuario_created, usuario.updated AS usuario_updated, usuario.confirmated AS usuario_confirmated 
FROM usuario 
WHERE usuario.username = %(username_1)s) AS anon_1
INFO:sqlalchemy.engine.Engine:[generated in 0.00052s] {'username_1': 'eudojosegonzalez@gmail.com'}
INFO:sqlalchemy.engine.Engine:INSERT INTO usuario (username, password, estado, confirmado, id_nivel, codigo, created, updated, confirmated) VALUES (%(username)s, %(password)s, %(estado)s, %(confirmado)s, %(id_nivel)s, %(codigo)s, %(created)s, %(updated)s, %(confirmated)s)
INFO:sqlalchemy.engine.Engine:[generated in 0.00028s] {'username': 'eudojosegonzalez@gmail.com', 'password': '$2b$12$wrV2SgeEH.zi5EzJ7Zd4EeZWCpThWxMvXa67bpTZyaPczSxVH6SP.', 'estado': 1, 'confirmado': 0, 'id_nivel': 1, 'codigo': 'FB415E0B62F7', 'created': datetime.datetime(2025, 7, 2, 21, 36, 11, 62725), 'updated': None, 'confirmated': None}
INFO:sqlalchemy.engine.Engine:COMMIT
INFO:sqlalchemy.engine.Engine:BEGIN (implicit)
INFO:sqlalchemy.engine.Engine:SELECT usuario.id AS usuario_id, usuario.username AS usuario_username, usuario.password AS usuario_password, usuario.estado AS usuario_estado, usuario.confirmado AS usuario_confirmado, usuario.id_nivel AS usuario_id_nivel, usuario.codigo AS usuario_codigo, usuario.created AS usuario_created, usuario.updated AS usuario_updated, usuario.confirmated AS usuario_confirmated 
FROM usuario 
WHERE usuario.id = %(pk_1)s
INFO:sqlalchemy.engine.Engine:[generated in 0.00021s] {'pk_1': 2}
INFO:sqlalchemy.engine.Engine:INSERT INTO bitacora (user_id, observaciones, created) VALUES (%(user_id)s, %(observaciones)s, %(created)s)
INFO:sqlalchemy.engine.Engine:[generated in 0.00022s] {'user_id': 2, 'observaciones': 'Creacion de usuario nuevo en el sistema Nuevo Id de usuario:2, Nombre del nuevo usuario: eudojosegonzalez@gmail.com codigo asignado=F17388153194', 'created': datetime.datetime(2025, 7, 2, 21, 36, 11, 62725)}
INFO:sqlalchemy.engine.Engine:COMMIT
INFO:sqlalchemy.engine.Engine:BEGIN (implicit)
INFO:sqlalchemy.engine.Engine:SELECT usuario.id AS usuario_id, usuario.username AS usuario_username, usuario.password AS usuario_password, usuario.estado AS usuario_estado, usuario.confirmado AS usuario_confirmado, usuario.id_nivel AS usuario_id_nivel, usuario.codigo AS usuario_codigo, usuario.created AS usuario_created, usuario.updated AS usuario_updated, usuario.confirmated AS usuario_confirmated 
FROM usuario 
WHERE usuario.id = %(pk_1)s
INFO:sqlalchemy.engine.Engine:[cached since 0.005552s ago] {'pk_1': 2}
INFO:sqlalchemy.engine.Engine:INSERT INTO confirmation_user (username, `body`, identificador, confirmado, created, confirmated) VALUES (%(username)s, %(body)s, %(identificador)s, %(confirmado)s, %(created)s, %(confirmated)s)
INFO:sqlalchemy.engine.Engine:[generated in 0.00019s] {'username': 'eudojosegonzalez@gmail.com', 'body': "\n                    <html>\n                    <head>\n                    </head>\n                    <body>\n                    <p>¡Hola ! </p ... (2412 characters truncated) ... tagram.com/tripleupve) | [Tiktok](https://www.tiktok.com/@tripleupv) \n                    </body>\n                    </html>\n                    ", 'identificador': 'ff7b9f1b-60d2-411a-a2c2-f0684fe65349', 'confirmado': 0, 'created': datetime.datetime(2025, 7, 2, 21, 36, 11, 62725), 'confirmated': '1990-01-01'}
INFO:sqlalchemy.engine.Engine:COMMIT
INFO:sqlalchemy.engine.Engine:BEGIN (implicit)
INFO:sqlalchemy.engine.Engine:SELECT count(*) AS count_1 
FROM (SELECT usuario.id AS usuario_id, usuario.username AS usuario_username, usuario.password AS usuario_password, usuario.estado AS usuario_estado, usuario.confirmado AS usuario_confirmado, usuario.id_nivel AS usuario_id_nivel, usuario.codigo AS usuario_codigo, usuario.created AS usuario_created, usuario.updated AS usuario_updated, usuario.confirmated AS usuario_confirmated 
FROM usuario 
WHERE usuario.codigo = %(codigo_1)s) AS anon_1
INFO:sqlalchemy.engine.Engine:[generated in 0.00021s] {'codigo_1': 'F17388153194'}
INFO:sqlalchemy.engine.Engine:SELECT usuario.id AS usuario_id, usuario.username AS usuario_username, usuario.password AS usuario_password, usuario.estado AS usuario_estado, usuario.confirmado AS usuario_confirmado, usuario.id_nivel AS usuario_id_nivel, usuario.codigo AS usuario_codigo, usuario.created AS usuario_created, usuario.updated AS usuario_updated, usuario.confirmated AS usuario_confirmated 
FROM usuario 
WHERE usuario.codigo = %(codigo_1)s 
 LIMIT %(param_1)s
INFO:sqlalchemy.engine.Engine:[generated in 0.00019s] {'codigo_1': 'F17388153194', 'param_1': 1}
INFO:sqlalchemy.engine.Engine:SELECT usuario.id AS usuario_id, usuario.username AS usuario_username, usuario.password AS usuario_password, usuario.estado AS usuario_estado, usuario.confirmado AS usuario_confirmado, usuario.id_nivel AS usuario_id_nivel, usuario.codigo AS usuario_codigo, usuario.created AS usuario_created, usuario.updated AS usuario_updated, usuario.confirmated AS usuario_confirmated 
FROM usuario 
WHERE usuario.id = %(pk_1)s
INFO:sqlalchemy.engine.Engine:[cached since 0.01825s ago] {'pk_1': 2}
INFO:sqlalchemy.engine.Engine:SELECT count(*) AS count_1 
FROM (SELECT familia_afiliado.id AS familia_afiliado_id, familia_afiliado.user_id AS familia_afiliado_user_id, familia_afiliado.codigo_ascendente AS familia_afiliado_codigo_ascendente, familia_afiliado.familiar_id AS familia_afiliado_familiar_id, familia_afiliado.codigo_descendente AS familia_afiliado_codigo_descendente, familia_afiliado.created AS familia_afiliado_created, familia_afiliado.updated AS familia_afiliado_updated 
FROM familia_afiliado 
WHERE familia_afiliado.user_id = %(user_id_1)s AND familia_afiliado.codigo_ascendente = %(codigo_ascendente_1)s AND familia_afiliado.familiar_id = %(familiar_id_1)s AND familia_afiliado.codigo_descendente = %(codigo_descendente_1)s) AS anon_1
INFO:sqlalchemy.engine.Engine:[generated in 0.00028s] {'user_id_1': 1, 'codigo_ascendente_1': 'F17388153194', 'familiar_id_1': 2, 'codigo_descendente_1': 'FB415E0B62F7'}
ERROR:root:Fecha 2025-07-02 21:36:11
ERROR:root:Error 'tipo' is an invalid keyword argument for FamilyUser
ERROR:root:================================================================================
ERROR:root:Sistema de registro de errores del sistema 2025-07-02 21:37:1751506654
ERROR:root:================================================================================
INFO:sqlalchemy.engine.Engine:SELECT DATABASE()
INFO:sqlalchemy.engine.Engine:[raw sql] {}
INFO:sqlalchemy.engine.Engine:SELECT @@sql_mode
INFO:sqlalchemy.engine.Engine:[raw sql] {}
INFO:sqlalchemy.engine.Engine:SELECT @@lower_case_table_names
INFO:sqlalchemy.engine.Engine:[raw sql] {}
INFO:sqlalchemy.engine.Engine:BEGIN (implicit)
INFO:sqlalchemy.engine.Engine:DESCRIBE `tripleup`.`usuario`
INFO:sqlalchemy.engine.Engine:[raw sql] {}
INFO:sqlalchemy.engine.Engine:DESCRIBE `tripleup`.`confirmation_user`
INFO:sqlalchemy.engine.Engine:[raw sql] {}
INFO:sqlalchemy.engine.Engine:DESCRIBE `tripleup`.`familia_afiliado`
INFO:sqlalchemy.engine.Engine:[raw sql] {}
INFO:sqlalchemy.engine.Engine:DESCRIBE `tripleup`.`bitacora`
INFO:sqlalchemy.engine.Engine:[raw sql] {}
INFO:sqlalchemy.engine.Engine:COMMIT
INFO:sqlalchemy.engine.Engine:BEGIN (implicit)
INFO:sqlalchemy.engine.Engine:SELECT count(*) AS count_1 
FROM (SELECT usuario.id AS usuario_id, usuario.username AS usuario_username, usuario.password AS usuario_password, usuario.estado AS usuario_estado, usuario.confirmado AS usuario_confirmado, usuario.id_nivel AS usuario_id_nivel, usuario.codigo AS usuario_codigo, usuario.created AS usuario_created, usuario.updated AS usuario_updated, usuario.confirmated AS usuario_confirmated 
FROM usuario 
WHERE usuario.username = %(username_1)s) AS anon_1
INFO:sqlalchemy.engine.Engine:[generated in 0.00035s] {'username_1': 'eudojosegonzalez@gmail.com'}
INFO:sqlalchemy.engine.Engine:INSERT INTO usuario (username, password, estado, confirmado, id_nivel, codigo, created, updated, confirmated) VALUES (%(username)s, %(password)s, %(estado)s, %(confirmado)s, %(id_nivel)s, %(codigo)s, %(created)s, %(updated)s, %(confirmated)s)
INFO:sqlalchemy.engine.Engine:[generated in 0.00033s] {'username': 'eudojosegonzalez@gmail.com', 'password': '$2b$12$TXA/GzF.fFv00vG6jsZB9.HQbckUZvburWe6g9BzyqZUHazRC1RKq', 'estado': 1, 'confirmado': 0, 'id_nivel': 1, 'codigo': 'FB415E0B62F7', 'created': datetime.datetime(2025, 7, 2, 21, 38, 1, 687927), 'updated': None, 'confirmated': None}
INFO:sqlalchemy.engine.Engine:COMMIT
INFO:sqlalchemy.engine.Engine:BEGIN (implicit)
INFO:sqlalchemy.engine.Engine:SELECT usuario.id AS usuario_id, usuario.username AS usuario_username, usuario.password AS usuario_password, usuario.estado AS usuario_estado, usuario.confirmado AS usuario_confirmado, usuario.id_nivel AS usuario_id_nivel, usuario.codigo AS usuario_codigo, usuario.created AS usuario_created, usuario.updated AS usuario_updated, usuario.confirmated AS usuario_confirmated 
FROM usuario 
WHERE usuario.id = %(pk_1)s
INFO:sqlalchemy.engine.Engine:[generated in 0.00028s] {'pk_1': 2}
INFO:sqlalchemy.engine.Engine:INSERT INTO bitacora (user_id, observaciones, created) VALUES (%(user_id)s, %(observaciones)s, %(created)s)
INFO:sqlalchemy.engine.Engine:[generated in 0.00025s] {'user_id': 2, 'observaciones': 'Creacion de usuario nuevo en el sistema Nuevo Id de usuario:2, Nombre del nuevo usuario: eudojosegonzalez@gmail.com codigo asignado=F17388153194', 'created': datetime.datetime(2025, 7, 2, 21, 38, 1, 687927)}
INFO:sqlalchemy.engine.Engine:COMMIT
INFO:sqlalchemy.engine.Engine:BEGIN (implicit)
INFO:sqlalchemy.engine.Engine:SELECT usuario.id AS usuario_id, usuario.username AS usuario_username, usuario.password AS usuario_password, usuario.estado AS usuario_estado, usuario.confirmado AS usuario_confirmado, usuario.id_nivel AS usuario_id_nivel, usuario.codigo AS usuario_codigo, usuario.created AS usuario_created, usuario.updated AS usuario_updated, usuario.confirmated AS usuario_confirmated 
FROM usuario 
WHERE usuario.id = %(pk_1)s
INFO:sqlalchemy.engine.Engine:[cached since 0.007993s ago] {'pk_1': 2}
INFO:sqlalchemy.engine.Engine:INSERT INTO confirmation_user (username, `body`, identificador, confirmado, created, confirmated) VALUES (%(username)s, %(body)s, %(identificador)s, %(confirmado)s, %(created)s, %(confirmated)s)
INFO:sqlalchemy.engine.Engine:[generated in 0.00035s] {'username': 'eudojosegonzalez@gmail.com', 'body': "\n                    <html>\n                    <head>\n                    </head>\n                    <body>\n                    <p>¡Hola ! </p ... (2412 characters truncated) ... tagram.com/tripleupve) | [Tiktok](https://www.tiktok.com/@tripleupv) \n                    </body>\n                    </html>\n                    ", 'identificador': '6ee5f59d-3609-46ae-a335-8ae31f35ca88', 'confirmado': 0, 'created': datetime.datetime(2025, 7, 2, 21, 38, 1, 687927), 'confirmated': '1990-01-01'}
INFO:sqlalchemy.engine.Engine:COMMIT
INFO:sqlalchemy.engine.Engine:BEGIN (implicit)
INFO:sqlalchemy.engine.Engine:SELECT count(*) AS count_1 
FROM (SELECT usuario.id AS usuario_id, usuario.username AS usuario_username, usuario.password AS usuario_password, usuario.estado AS usuario_estado, usuario.confirmado AS usuario_confirmado, usuario.id_nivel AS usuario_id_nivel, usuario.codigo AS usuario_codigo, usuario.created AS usuario_created, usuario.updated AS usuario_updated, usuario.confirmated AS usuario_confirmated 
FROM usuario 
WHERE usuario.codigo = %(codigo_1)s) AS anon_1
INFO:sqlalchemy.engine.Engine:[generated in 0.00021s] {'codigo_1': 'F17388153194'}
INFO:sqlalchemy.engine.Engine:SELECT usuario.id AS usuario_id, usuario.username AS usuario_username, usuario.password AS usuario_password, usuario.estado AS usuario_estado, usuario.confirmado AS usuario_confirmado, usuario.id_nivel AS usuario_id_nivel, usuario.codigo AS usuario_codigo, usuario.created AS usuario_created, usuario.updated AS usuario_updated, usuario.confirmated AS usuario_confirmated 
FROM usuario 
WHERE usuario.codigo = %(codigo_1)s 
 LIMIT %(param_1)s
INFO:sqlalchemy.engine.Engine:[generated in 0.00015s] {'codigo_1': 'F17388153194', 'param_1': 1}
INFO:sqlalchemy.engine.Engine:SELECT usuario.id AS usuario_id, usuario.username AS usuario_username, usuario.password AS usuario_password, usuario.estado AS usuario_estado, usuario.confirmado AS usuario_confirmado, usuario.id_nivel AS usuario_id_nivel, usuario.codigo AS usuario_codigo, usuario.created AS usuario_created, usuario.updated AS usuario_updated, usuario.confirmated AS usuario_confirmated 
FROM usuario 
WHERE usuario.id = %(pk_1)s
INFO:sqlalchemy.engine.Engine:[cached since 0.02011s ago] {'pk_1': 2}
INFO:sqlalchemy.engine.Engine:SELECT count(*) AS count_1 
FROM (SELECT familia_afiliado.id AS familia_afiliado_id, familia_afiliado.user_id AS familia_afiliado_user_id, familia_afiliado.codigo_ascendente AS familia_afiliado_codigo_ascendente, familia_afiliado.familiar_id AS familia_afiliado_familiar_id, familia_afiliado.codigo_descendente AS familia_afiliado_codigo_descendente, familia_afiliado.tipo AS familia_afiliado_tipo, familia_afiliado.created AS familia_afiliado_created, familia_afiliado.updated AS familia_afiliado_updated 
FROM familia_afiliado 
WHERE familia_afiliado.user_id = %(user_id_1)s AND familia_afiliado.codigo_ascendente = %(codigo_ascendente_1)s AND familia_afiliado.familiar_id = %(familiar_id_1)s AND familia_afiliado.codigo_descendente = %(codigo_descendente_1)s) AS anon_1
INFO:sqlalchemy.engine.Engine:[generated in 0.00025s] {'user_id_1': 1, 'codigo_ascendente_1': 'F17388153194', 'familiar_id_1': 2, 'codigo_descendente_1': 'FB415E0B62F7'}
INFO:sqlalchemy.engine.Engine:INSERT INTO familia_afiliado (user_id, codigo_ascendente, familiar_id, codigo_descendente, tipo, created, updated) VALUES (%(user_id)s, %(codigo_ascendente)s, %(familiar_id)s, %(codigo_descendente)s, %(tipo)s, %(created)s, %(updated)s)
INFO:sqlalchemy.engine.Engine:[generated in 0.00023s] {'user_id': 1, 'codigo_ascendente': 'F17388153194', 'familiar_id': 2, 'codigo_descendente': 'FB415E0B62F7', 'tipo': 1, 'created': datetime.datetime(2025, 7, 2, 21, 38, 1, 687927), 'updated': '1990-01-01'}
INFO:sqlalchemy.engine.Engine:COMMIT
ERROR:root:Fecha 2025-07-02 21:38:02
ERROR:root:Error 'coroutine' object is not subscriptable
ERROR:root:================================================================================
ERROR:root:Sistema de registro de errores del sistema 2025-07-02 21:38:1751506696
ERROR:root:================================================================================
INFO:sqlalchemy.engine.Engine:SELECT DATABASE()
INFO:sqlalchemy.engine.Engine:[raw sql] {}
INFO:sqlalchemy.engine.Engine:SELECT @@sql_mode
INFO:sqlalchemy.engine.Engine:[raw sql] {}
INFO:sqlalchemy.engine.Engine:SELECT @@lower_case_table_names
INFO:sqlalchemy.engine.Engine:[raw sql] {}
INFO:sqlalchemy.engine.Engine:BEGIN (implicit)
INFO:sqlalchemy.engine.Engine:DESCRIBE `tripleup`.`usuario`
INFO:sqlalchemy.engine.Engine:[raw sql] {}
INFO:sqlalchemy.engine.Engine:DESCRIBE `tripleup`.`confirmation_user`
INFO:sqlalchemy.engine.Engine:[raw sql] {}
INFO:sqlalchemy.engine.Engine:DESCRIBE `tripleup`.`familia_afiliado`
INFO:sqlalchemy.engine.Engine:[raw sql] {}
INFO:sqlalchemy.engine.Engine:DESCRIBE `tripleup`.`bitacora`
INFO:sqlalchemy.engine.Engine:[raw sql] {}
INFO:sqlalchemy.engine.Engine:COMMIT
INFO:sqlalchemy.engine.Engine:BEGIN (implicit)
INFO:sqlalchemy.engine.Engine:SELECT count(*) AS count_1 
FROM (SELECT usuario.id AS usuario_id, usuario.username AS usuario_username, usuario.password AS usuario_password, usuario.estado AS usuario_estado, usuario.confirmado AS usuario_confirmado, usuario.id_nivel AS usuario_id_nivel, usuario.codigo AS usuario_codigo, usuario.created AS usuario_created, usuario.updated AS usuario_updated, usuario.confirmated AS usuario_confirmated 
FROM usuario 
WHERE usuario.username = %(username_1)s) AS anon_1
INFO:sqlalchemy.engine.Engine:[generated in 0.00046s] {'username_1': 'eudojosegonzalez@gmail.com'}
INFO:sqlalchemy.engine.Engine:INSERT INTO usuario (username, password, estado, confirmado, id_nivel, codigo, created, updated, confirmated) VALUES (%(username)s, %(password)s, %(estado)s, %(confirmado)s, %(id_nivel)s, %(codigo)s, %(created)s, %(updated)s, %(confirmated)s)
INFO:sqlalchemy.engine.Engine:[generated in 0.00027s] {'username': 'eudojosegonzalez@gmail.com', 'password': '$2b$12$ISEOGJt4GGQKORyrCWL8QuuRG50s5uUB62njBz10Gtrud1POMBW/i', 'estado': 1, 'confirmado': 0, 'id_nivel': 1, 'codigo': 'FB415E0B62F7', 'created': datetime.datetime(2025, 7, 2, 21, 38, 28, 11080), 'updated': None, 'confirmated': None}
INFO:sqlalchemy.engine.Engine:COMMIT
INFO:sqlalchemy.engine.Engine:BEGIN (implicit)
INFO:sqlalchemy.engine.Engine:SELECT usuario.id AS usuario_id, usuario.username AS usuario_username, usuario.password AS usuario_password, usuario.estado AS usuario_estado, usuario.confirmado AS usuario_confirmado, usuario.id_nivel AS usuario_id_nivel, usuario.codigo AS usuario_codigo, usuario.created AS usuario_created, usuario.updated AS usuario_updated, usuario.confirmated AS usuario_confirmated 
FROM usuario 
WHERE usuario.id = %(pk_1)s
INFO:sqlalchemy.engine.Engine:[generated in 0.00019s] {'pk_1': 2}
INFO:sqlalchemy.engine.Engine:INSERT INTO bitacora (user_id, observaciones, created) VALUES (%(user_id)s, %(observaciones)s, %(created)s)
INFO:sqlalchemy.engine.Engine:[generated in 0.00019s] {'user_id': 2, 'observaciones': 'Creacion de usuario nuevo en el sistema Nuevo Id de usuario:2, Nombre del nuevo usuario: eudojosegonzalez@gmail.com codigo asignado=F17388153194', 'created': datetime.datetime(2025, 7, 2, 21, 38, 28, 11080)}
INFO:sqlalchemy.engine.Engine:COMMIT
INFO:sqlalchemy.engine.Engine:BEGIN (implicit)
INFO:sqlalchemy.engine.Engine:SELECT usuario.id AS usuario_id, usuario.username AS usuario_username, usuario.password AS usuario_password, usuario.estado AS usuario_estado, usuario.confirmado AS usuario_confirmado, usuario.id_nivel AS usuario_id_nivel, usuario.codigo AS usuario_codigo, usuario.created AS usuario_created, usuario.updated AS usuario_updated, usuario.confirmated AS usuario_confirmated 
FROM usuario 
WHERE usuario.id = %(pk_1)s
INFO:sqlalchemy.engine.Engine:[cached since 0.007146s ago] {'pk_1': 2}
INFO:sqlalchemy.engine.Engine:INSERT INTO confirmation_user (username, `body`, identificador, confirmado, created, confirmated) VALUES (%(username)s, %(body)s, %(identificador)s, %(confirmado)s, %(created)s, %(confirmated)s)
INFO:sqlalchemy.engine.Engine:[generated in 0.00022s] {'username': 'eudojosegonzalez@gmail.com', 'body': "\n                    <html>\n                    <head>\n                    </head>\n                    <body>\n                    <p>¡Hola ! </p ... (2410 characters truncated) ... tagram.com/tripleupve) | [Tiktok](https://www.tiktok.com/@tripleupv) \n                    </body>\n                    </html>\n                    ", 'identificador': 'fe3a45c1-2061-4f68-8e06-468ce32bd7b5', 'confirmado': 0, 'created': datetime.datetime(2025, 7, 2, 21, 38, 28, 11080), 'confirmated': '1990-01-01'}
INFO:sqlalchemy.engine.Engine:COMMIT
INFO:sqlalchemy.engine.Engine:BEGIN (implicit)
INFO:sqlalchemy.engine.Engine:SELECT count(*) AS count_1 
FROM (SELECT usuario.id AS usuario_id, usuario.username AS usuario_username, usuario.password AS usuario_password, usuario.estado AS usuario_estado, usuario.confirmado AS usuario_confirmado, usuario.id_nivel AS usuario_id_nivel, usuario.codigo AS usuario_codigo, usuario.created AS usuario_created, usuario.updated AS usuario_updated, usuario.confirmated AS usuario_confirmated 
FROM usuario 
WHERE usuario.codigo = %(codigo_1)s) AS anon_1
INFO:sqlalchemy.engine.Engine:[generated in 0.00025s] {'codigo_1': 'F17388153194'}
INFO:sqlalchemy.engine.Engine:SELECT usuario.id AS usuario_id, usuario.username AS usuario_username, usuario.password AS usuario_password, usuario.estado AS usuario_estado, usuario.confirmado AS usuario_confirmado, usuario.id_nivel AS usuario_id_nivel, usuario.codigo AS usuario_codigo, usuario.created AS usuario_created, usuario.updated AS usuario_updated, usuario.confirmated AS usuario_confirmated 
FROM usuario 
WHERE usuario.codigo = %(codigo_1)s 
 LIMIT %(param_1)s
INFO:sqlalchemy.engine.Engine:[generated in 0.00038s] {'codigo_1': 'F17388153194', 'param_1': 1}
INFO:sqlalchemy.engine.Engine:SELECT usuario.id AS usuario_id, usuario.username AS usuario_username, usuario.password AS usuario_password, usuario.estado AS usuario_estado, usuario.confirmado AS usuario_confirmado, usuario.id_nivel AS usuario_id_nivel, usuario.codigo AS usuario_codigo, usuario.created AS usuario_created, usuario.updated AS usuario_updated, usuario.confirmated AS usuario_confirmated 
FROM usuario 
WHERE usuario.id = %(pk_1)s
INFO:sqlalchemy.engine.Engine:[cached since 0.02121s ago] {'pk_1': 2}
INFO:sqlalchemy.engine.Engine:SELECT count(*) AS count_1 
FROM (SELECT familia_afiliado.id AS familia_afiliado_id, familia_afiliado.user_id AS familia_afiliado_user_id, familia_afiliado.codigo_ascendente AS familia_afiliado_codigo_ascendente, familia_afiliado.familiar_id AS familia_afiliado_familiar_id, familia_afiliado.codigo_descendente AS familia_afiliado_codigo_descendente, familia_afiliado.tipo AS familia_afiliado_tipo, familia_afiliado.created AS familia_afiliado_created, familia_afiliado.updated AS familia_afiliado_updated 
FROM familia_afiliado 
WHERE familia_afiliado.user_id = %(user_id_1)s AND familia_afiliado.codigo_ascendente = %(codigo_ascendente_1)s AND familia_afiliado.familiar_id = %(familiar_id_1)s AND familia_afiliado.codigo_descendente = %(codigo_descendente_1)s) AS anon_1
INFO:sqlalchemy.engine.Engine:[generated in 0.00031s] {'user_id_1': 1, 'codigo_ascendente_1': 'F17388153194', 'familiar_id_1': 2, 'codigo_descendente_1': 'FB415E0B62F7'}
INFO:sqlalchemy.engine.Engine:INSERT INTO familia_afiliado (user_id, codigo_ascendente, familiar_id, codigo_descendente, tipo, created, updated) VALUES (%(user_id)s, %(codigo_ascendente)s, %(familiar_id)s, %(codigo_descendente)s, %(tipo)s, %(created)s, %(updated)s)
INFO:sqlalchemy.engine.Engine:[generated in 0.00018s] {'user_id': 1, 'codigo_ascendente': 'F17388153194', 'familiar_id': 2, 'codigo_descendente': 'FB415E0B62F7', 'tipo': 1, 'created': datetime.datetime(2025, 7, 2, 21, 38, 28, 11080), 'updated': '1990-01-01'}
INFO:sqlalchemy.engine.Engine:COMMIT
ERROR:root:================================================================================
ERROR:root:Sistema de registro de errores del sistema 2025-07-02 21:49:1751507384
ERROR:root:================================================================================
INFO:sqlalchemy.engine.Engine:SELECT DATABASE()
INFO:sqlalchemy.engine.Engine:[raw sql] {}
INFO:sqlalchemy.engine.Engine:SELECT @@sql_mode
INFO:sqlalchemy.engine.Engine:[raw sql] {}
INFO:sqlalchemy.engine.Engine:SELECT @@lower_case_table_names
INFO:sqlalchemy.engine.Engine:[raw sql] {}
INFO:sqlalchemy.engine.Engine:BEGIN (implicit)
INFO:sqlalchemy.engine.Engine:DESCRIBE `tripleup`.`usuario`
INFO:sqlalchemy.engine.Engine:[raw sql] {}
INFO:sqlalchemy.engine.Engine:DESCRIBE `tripleup`.`confirmation_user`
INFO:sqlalchemy.engine.Engine:[raw sql] {}
INFO:sqlalchemy.engine.Engine:DESCRIBE `tripleup`.`familia_afiliado`
INFO:sqlalchemy.engine.Engine:[raw sql] {}
INFO:sqlalchemy.engine.Engine:DESCRIBE `tripleup`.`bitacora`
INFO:sqlalchemy.engine.Engine:[raw sql] {}
INFO:sqlalchemy.engine.Engine:COMMIT
INFO:sqlalchemy.engine.Engine:BEGIN (implicit)
INFO:sqlalchemy.engine.Engine:SELECT count(*) AS count_1 
FROM (SELECT usuario.id AS usuario_id, usuario.username AS usuario_username, usuario.password AS usuario_password, usuario.estado AS usuario_estado, usuario.confirmado AS usuario_confirmado, usuario.id_nivel AS usuario_id_nivel, usuario.codigo AS usuario_codigo, usuario.created AS usuario_created, usuario.updated AS usuario_updated, usuario.confirmated AS usuario_confirmated 
FROM usuario 
WHERE usuario.username = %(username_1)s) AS anon_1
INFO:sqlalchemy.engine.Engine:[generated in 0.00050s] {'username_1': 'eudojosegonzalez@gmail.com'}
INFO:sqlalchemy.engine.Engine:INSERT INTO usuario (username, password, estado, confirmado, id_nivel, codigo, created, updated, confirmated) VALUES (%(username)s, %(password)s, %(estado)s, %(confirmado)s, %(id_nivel)s, %(codigo)s, %(created)s, %(updated)s, %(confirmated)s)
INFO:sqlalchemy.engine.Engine:[generated in 0.00028s] {'username': 'eudojosegonzalez@gmail.com', 'password': '$2b$12$jpGnRlMuum7y9zHcMkjfM.dYJIaOD1NrVm61DANTuBPwYaLS1GqMi', 'estado': 1, 'confirmado': 0, 'id_nivel': 1, 'codigo': 'FB415E0B62F7', 'created': datetime.datetime(2025, 7, 2, 21, 50, 18, 886238), 'updated': None, 'confirmated': None}
INFO:sqlalchemy.engine.Engine:COMMIT
INFO:sqlalchemy.engine.Engine:BEGIN (implicit)
INFO:sqlalchemy.engine.Engine:SELECT usuario.id AS usuario_id, usuario.username AS usuario_username, usuario.password AS usuario_password, usuario.estado AS usuario_estado, usuario.confirmado AS usuario_confirmado, usuario.id_nivel AS usuario_id_nivel, usuario.codigo AS usuario_codigo, usuario.created AS usuario_created, usuario.updated AS usuario_updated, usuario.confirmated AS usuario_confirmated 
FROM usuario 
WHERE usuario.id = %(pk_1)s
INFO:sqlalchemy.engine.Engine:[generated in 0.00028s] {'pk_1': 2}
INFO:sqlalchemy.engine.Engine:INSERT INTO bitacora (user_id, observaciones, created) VALUES (%(user_id)s, %(observaciones)s, %(created)s)
INFO:sqlalchemy.engine.Engine:[generated in 0.00024s] {'user_id': 2, 'observaciones': 'Creacion de usuario nuevo en el sistema Nuevo Id de usuario:2, Nombre del nuevo usuario: eudojosegonzalez@gmail.com codigo asignado=F17388153194', 'created': datetime.datetime(2025, 7, 2, 21, 50, 18, 886238)}
INFO:sqlalchemy.engine.Engine:COMMIT
INFO:sqlalchemy.engine.Engine:BEGIN (implicit)
INFO:sqlalchemy.engine.Engine:SELECT usuario.id AS usuario_id, usuario.username AS usuario_username, usuario.password AS usuario_password, usuario.estado AS usuario_estado, usuario.confirmado AS usuario_confirmado, usuario.id_nivel AS usuario_id_nivel, usuario.codigo AS usuario_codigo, usuario.created AS usuario_created, usuario.updated AS usuario_updated, usuario.confirmated AS usuario_confirmated 
FROM usuario 
WHERE usuario.id = %(pk_1)s
INFO:sqlalchemy.engine.Engine:[cached since 0.008192s ago] {'pk_1': 2}
INFO:sqlalchemy.engine.Engine:INSERT INTO confirmation_user (username, `body`, identificador, confirmado, created, confirmated) VALUES (%(username)s, %(body)s, %(identificador)s, %(confirmado)s, %(created)s, %(confirmated)s)
INFO:sqlalchemy.engine.Engine:[generated in 0.00024s] {'username': 'eudojosegonzalez@gmail.com', 'body': "\n                    <html>\n                    <head>\n                    </head>\n                    <body>\n                    <p>¡Hola ! </p ... (2412 characters truncated) ... tagram.com/tripleupve) | [Tiktok](https://www.tiktok.com/@tripleupv) \n                    </body>\n                    </html>\n                    ", 'identificador': '18d80bbd-f854-43b3-8483-d2c9ec2697f5', 'confirmado': 0, 'created': datetime.datetime(2025, 7, 2, 21, 50, 18, 886238), 'confirmated': '1990-01-01'}
INFO:sqlalchemy.engine.Engine:COMMIT
INFO:sqlalchemy.engine.Engine:BEGIN (implicit)
INFO:sqlalchemy.engine.Engine:SELECT count(*) AS count_1 
FROM (SELECT usuario.id AS usuario_id, usuario.username AS usuario_username, usuario.password AS usuario_password, usuario.estado AS usuario_estado, usuario.confirmado AS usuario_confirmado, usuario.id_nivel AS usuario_id_nivel, usuario.codigo AS usuario_codigo, usuario.created AS usuario_created, usuario.updated AS usuario_updated, usuario.confirmated AS usuario_confirmated 
FROM usuario 
WHERE usuario.codigo = %(codigo_1)s) AS anon_1
INFO:sqlalchemy.engine.Engine:[generated in 0.00026s] {'codigo_1': 'F17388153194'}
INFO:sqlalchemy.engine.Engine:SELECT usuario.id AS usuario_id, usuario.username AS usuario_username, usuario.password AS usuario_password, usuario.estado AS usuario_estado, usuario.confirmado AS usuario_confirmado, usuario.id_nivel AS usuario_id_nivel, usuario.codigo AS usuario_codigo, usuario.created AS usuario_created, usuario.updated AS usuario_updated, usuario.confirmated AS usuario_confirmated 
FROM usuario 
WHERE usuario.codigo = %(codigo_1)s 
 LIMIT %(param_1)s
INFO:sqlalchemy.engine.Engine:[generated in 0.00017s] {'codigo_1': 'F17388153194', 'param_1': 1}
INFO:sqlalchemy.engine.Engine:SELECT usuario.id AS usuario_id, usuario.username AS usuario_username, usuario.password AS usuario_password, usuario.estado AS usuario_estado, usuario.confirmado AS usuario_confirmado, usuario.id_nivel AS usuario_id_nivel, usuario.codigo AS usuario_codigo, usuario.created AS usuario_created, usuario.updated AS usuario_updated, usuario.confirmated AS usuario_confirmated 
FROM usuario 
WHERE usuario.id = %(pk_1)s
INFO:sqlalchemy.engine.Engine:[cached since 0.02025s ago] {'pk_1': 2}
INFO:sqlalchemy.engine.Engine:SELECT count(*) AS count_1 
FROM (SELECT familia_afiliado.id AS familia_afiliado_id, familia_afiliado.user_id AS familia_afiliado_user_id, familia_afiliado.codigo_ascendente AS familia_afiliado_codigo_ascendente, familia_afiliado.familiar_id AS familia_afiliado_familiar_id, familia_afiliado.codigo_descendente AS familia_afiliado_codigo_descendente, familia_afiliado.tipo AS familia_afiliado_tipo, familia_afiliado.created AS familia_afiliado_created, familia_afiliado.updated AS familia_afiliado_updated 
FROM familia_afiliado 
WHERE familia_afiliado.user_id = %(user_id_1)s AND familia_afiliado.codigo_ascendente = %(codigo_ascendente_1)s AND familia_afiliado.familiar_id = %(familiar_id_1)s AND familia_afiliado.codigo_descendente = %(codigo_descendente_1)s) AS anon_1
INFO:sqlalchemy.engine.Engine:[generated in 0.00025s] {'user_id_1': 1, 'codigo_ascendente_1': 'F17388153194', 'familiar_id_1': 2, 'codigo_descendente_1': 'FB415E0B62F7'}
INFO:sqlalchemy.engine.Engine:INSERT INTO familia_afiliado (user_id, codigo_ascendente, familiar_id, codigo_descendente, tipo, created, updated) VALUES (%(user_id)s, %(codigo_ascendente)s, %(familiar_id)s, %(codigo_descendente)s, %(tipo)s, %(created)s, %(updated)s)
INFO:sqlalchemy.engine.Engine:[generated in 0.00022s] {'user_id': 1, 'codigo_ascendente': 'F17388153194', 'familiar_id': 2, 'codigo_descendente': 'FB415E0B62F7', 'tipo': 1, 'created': datetime.datetime(2025, 7, 2, 21, 50, 18, 886238), 'updated': '1990-01-01'}
INFO:sqlalchemy.engine.Engine:COMMIT
INFO:sqlalchemy.engine.Engine:BEGIN (implicit)
INFO:sqlalchemy.engine.Engine:SELECT count(*) AS count_1 
FROM (SELECT familia_afiliado.id AS familia_afiliado_id, familia_afiliado.user_id AS familia_afiliado_user_id, familia_afiliado.codigo_ascendente AS familia_afiliado_codigo_ascendente, familia_afiliado.familiar_id AS familia_afiliado_familiar_id, familia_afiliado.codigo_descendente AS familia_afiliado_codigo_descendente, familia_afiliado.tipo AS familia_afiliado_tipo, familia_afiliado.created AS familia_afiliado_created, familia_afiliado.updated AS familia_afiliado_updated 
FROM familia_afiliado 
WHERE familia_afiliado.codigo_descendente = %(codigo_descendente_1)s AND familia_afiliado.tipo = %(tipo_1)s) AS anon_1
INFO:sqlalchemy.engine.Engine:[generated in 0.00023s] {'codigo_descendente_1': 'F17388153194', 'tipo_1': 1}
INFO:sqlalchemy.engine.Engine:BEGIN (implicit)
INFO:sqlalchemy.engine.Engine:SELECT count(*) AS count_1 
FROM (SELECT usuario.id AS usuario_id, usuario.username AS usuario_username, usuario.password AS usuario_password, usuario.estado AS usuario_estado, usuario.confirmado AS usuario_confirmado, usuario.id_nivel AS usuario_id_nivel, usuario.codigo AS usuario_codigo, usuario.created AS usuario_created, usuario.updated AS usuario_updated, usuario.confirmated AS usuario_confirmated 
FROM usuario 
WHERE usuario.username = %(username_1)s) AS anon_1
INFO:sqlalchemy.engine.Engine:[cached since 92.79s ago] {'username_1': 'eudojosegonzalez@hotmail.com'}
INFO:sqlalchemy.engine.Engine:INSERT INTO usuario (username, password, estado, confirmado, id_nivel, codigo, created, updated, confirmated) VALUES (%(username)s, %(password)s, %(estado)s, %(confirmado)s, %(id_nivel)s, %(codigo)s, %(created)s, %(updated)s, %(confirmated)s)
INFO:sqlalchemy.engine.Engine:[cached since 92.8s ago] {'username': 'eudojosegonzalez@hotmail.com', 'password': '$2b$12$QK6AkcZZ/lNd8.4RcZMENeK772YTTpGrmTTdEZ2nsja3WIPtXOOeW', 'estado': 1, 'confirmado': 0, 'id_nivel': 1, 'codigo': '940C0E0C1909', 'created': datetime.datetime(2025, 7, 2, 21, 51, 51, 687643), 'updated': None, 'confirmated': None}
INFO:sqlalchemy.engine.Engine:COMMIT
INFO:sqlalchemy.engine.Engine:BEGIN (implicit)
INFO:sqlalchemy.engine.Engine:SELECT usuario.id AS usuario_id, usuario.username AS usuario_username, usuario.password AS usuario_password, usuario.estado AS usuario_estado, usuario.confirmado AS usuario_confirmado, usuario.id_nivel AS usuario_id_nivel, usuario.codigo AS usuario_codigo, usuario.created AS usuario_created, usuario.updated AS usuario_updated, usuario.confirmated AS usuario_confirmated 
FROM usuario 
WHERE usuario.id = %(pk_1)s
INFO:sqlalchemy.engine.Engine:[cached since 92.79s ago] {'pk_1': 3}
INFO:sqlalchemy.engine.Engine:INSERT INTO bitacora (user_id, observaciones, created) VALUES (%(user_id)s, %(observaciones)s, %(created)s)
INFO:sqlalchemy.engine.Engine:[cached since 92.79s ago] {'user_id': 3, 'observaciones': 'Creacion de usuario nuevo en el sistema Nuevo Id de usuario:3, Nombre del nuevo usuario: eudojosegonzalez@hotmail.com codigo asignado=FB415E0B62F7', 'created': datetime.datetime(2025, 7, 2, 21, 51, 51, 687643)}
INFO:sqlalchemy.engine.Engine:COMMIT
INFO:sqlalchemy.engine.Engine:BEGIN (implicit)
INFO:sqlalchemy.engine.Engine:SELECT usuario.id AS usuario_id, usuario.username AS usuario_username, usuario.password AS usuario_password, usuario.estado AS usuario_estado, usuario.confirmado AS usuario_confirmado, usuario.id_nivel AS usuario_id_nivel, usuario.codigo AS usuario_codigo, usuario.created AS usuario_created, usuario.updated AS usuario_updated, usuario.confirmated AS usuario_confirmated 
FROM usuario 
WHERE usuario.id = %(pk_1)s
INFO:sqlalchemy.engine.Engine:[cached since 92.8s ago] {'pk_1': 3}
INFO:sqlalchemy.engine.Engine:INSERT INTO confirmation_user (username, `body`, identificador, confirmado, created, confirmated) VALUES (%(username)s, %(body)s, %(identificador)s, %(confirmado)s, %(created)s, %(confirmated)s)
INFO:sqlalchemy.engine.Engine:[cached since 92.79s ago] {'username': 'eudojosegonzalez@hotmail.com', 'body': "\n                    <html>\n                    <head>\n                    </head>\n                    <body>\n                    <p>¡Hola ! </p ... (2418 characters truncated) ... tagram.com/tripleupve) | [Tiktok](https://www.tiktok.com/@tripleupv) \n                    </body>\n                    </html>\n                    ", 'identificador': 'debd855e-bdfa-465a-bdbd-9554baf3a8da', 'confirmado': 0, 'created': datetime.datetime(2025, 7, 2, 21, 51, 51, 687643), 'confirmated': '1990-01-01'}
INFO:sqlalchemy.engine.Engine:COMMIT
INFO:sqlalchemy.engine.Engine:BEGIN (implicit)
INFO:sqlalchemy.engine.Engine:SELECT count(*) AS count_1 
FROM (SELECT usuario.id AS usuario_id, usuario.username AS usuario_username, usuario.password AS usuario_password, usuario.estado AS usuario_estado, usuario.confirmado AS usuario_confirmado, usuario.id_nivel AS usuario_id_nivel, usuario.codigo AS usuario_codigo, usuario.created AS usuario_created, usuario.updated AS usuario_updated, usuario.confirmated AS usuario_confirmated 
FROM usuario 
WHERE usuario.codigo = %(codigo_1)s) AS anon_1
INFO:sqlalchemy.engine.Engine:[cached since 92.79s ago] {'codigo_1': 'FB415E0B62F7'}
INFO:sqlalchemy.engine.Engine:SELECT usuario.id AS usuario_id, usuario.username AS usuario_username, usuario.password AS usuario_password, usuario.estado AS usuario_estado, usuario.confirmado AS usuario_confirmado, usuario.id_nivel AS usuario_id_nivel, usuario.codigo AS usuario_codigo, usuario.created AS usuario_created, usuario.updated AS usuario_updated, usuario.confirmated AS usuario_confirmated 
FROM usuario 
WHERE usuario.codigo = %(codigo_1)s 
 LIMIT %(param_1)s
INFO:sqlalchemy.engine.Engine:[cached since 92.79s ago] {'codigo_1': 'FB415E0B62F7', 'param_1': 1}
INFO:sqlalchemy.engine.Engine:SELECT usuario.id AS usuario_id, usuario.username AS usuario_username, usuario.password AS usuario_password, usuario.estado AS usuario_estado, usuario.confirmado AS usuario_confirmado, usuario.id_nivel AS usuario_id_nivel, usuario.codigo AS usuario_codigo, usuario.created AS usuario_created, usuario.updated AS usuario_updated, usuario.confirmated AS usuario_confirmated 
FROM usuario 
WHERE usuario.id = %(pk_1)s
INFO:sqlalchemy.engine.Engine:[cached since 92.81s ago] {'pk_1': 3}
INFO:sqlalchemy.engine.Engine:SELECT count(*) AS count_1 
FROM (SELECT familia_afiliado.id AS familia_afiliado_id, familia_afiliado.user_id AS familia_afiliado_user_id, familia_afiliado.codigo_ascendente AS familia_afiliado_codigo_ascendente, familia_afiliado.familiar_id AS familia_afiliado_familiar_id, familia_afiliado.codigo_descendente AS familia_afiliado_codigo_descendente, familia_afiliado.tipo AS familia_afiliado_tipo, familia_afiliado.created AS familia_afiliado_created, familia_afiliado.updated AS familia_afiliado_updated 
FROM familia_afiliado 
WHERE familia_afiliado.user_id = %(user_id_1)s AND familia_afiliado.codigo_ascendente = %(codigo_ascendente_1)s AND familia_afiliado.familiar_id = %(familiar_id_1)s AND familia_afiliado.codigo_descendente = %(codigo_descendente_1)s) AS anon_1
INFO:sqlalchemy.engine.Engine:[cached since 92.79s ago] {'user_id_1': 2, 'codigo_ascendente_1': 'FB415E0B62F7', 'familiar_id_1': 3, 'codigo_descendente_1': '940C0E0C1909'}
INFO:sqlalchemy.engine.Engine:INSERT INTO familia_afiliado (user_id, codigo_ascendente, familiar_id, codigo_descendente, tipo, created, updated) VALUES (%(user_id)s, %(codigo_ascendente)s, %(familiar_id)s, %(codigo_descendente)s, %(tipo)s, %(created)s, %(updated)s)
INFO:sqlalchemy.engine.Engine:[cached since 92.79s ago] {'user_id': 2, 'codigo_ascendente': 'FB415E0B62F7', 'familiar_id': 3, 'codigo_descendente': '940C0E0C1909', 'tipo': 1, 'created': datetime.datetime(2025, 7, 2, 21, 51, 51, 687643), 'updated': '1990-01-01'}
INFO:sqlalchemy.engine.Engine:COMMIT
INFO:sqlalchemy.engine.Engine:BEGIN (implicit)
INFO:sqlalchemy.engine.Engine:SELECT count(*) AS count_1 
FROM (SELECT familia_afiliado.id AS familia_afiliado_id, familia_afiliado.user_id AS familia_afiliado_user_id, familia_afiliado.codigo_ascendente AS familia_afiliado_codigo_ascendente, familia_afiliado.familiar_id AS familia_afiliado_familiar_id, familia_afiliado.codigo_descendente AS familia_afiliado_codigo_descendente, familia_afiliado.tipo AS familia_afiliado_tipo, familia_afiliado.created AS familia_afiliado_created, familia_afiliado.updated AS familia_afiliado_updated 
FROM familia_afiliado 
WHERE familia_afiliado.codigo_descendente = %(codigo_descendente_1)s AND familia_afiliado.tipo = %(tipo_1)s) AS anon_1
INFO:sqlalchemy.engine.Engine:[cached since 92.78s ago] {'codigo_descendente_1': 'FB415E0B62F7', 'tipo_1': 1}
INFO:sqlalchemy.engine.Engine:SELECT familia_afiliado.id AS familia_afiliado_id, familia_afiliado.user_id AS familia_afiliado_user_id, familia_afiliado.codigo_ascendente AS familia_afiliado_codigo_ascendente, familia_afiliado.familiar_id AS familia_afiliado_familiar_id, familia_afiliado.codigo_descendente AS familia_afiliado_codigo_descendente, familia_afiliado.tipo AS familia_afiliado_tipo, familia_afiliado.created AS familia_afiliado_created, familia_afiliado.updated AS familia_afiliado_updated 
FROM familia_afiliado 
WHERE familia_afiliado.codigo_descendente = %(codigo_descendente_1)s AND familia_afiliado.tipo = %(tipo_1)s 
 LIMIT %(param_1)s
INFO:sqlalchemy.engine.Engine:[generated in 0.00027s] {'codigo_descendente_1': 'FB415E0B62F7', 'tipo_1': 1, 'param_1': 1}
INFO:sqlalchemy.engine.Engine:INSERT INTO familia_afiliado (user_id, codigo_ascendente, familiar_id, codigo_descendente, tipo, created, updated) VALUES (%(user_id)s, %(codigo_ascendente)s, %(familiar_id)s, %(codigo_descendente)s, %(tipo)s, %(created)s, %(updated)s)
INFO:sqlalchemy.engine.Engine:[cached since 92.79s ago] {'user_id': 2, 'codigo_ascendente': 'F17388153194', 'familiar_id': 1, 'codigo_descendente': '940C0E0C1909', 'tipo': 2, 'created': datetime.datetime(2025, 7, 2, 21, 51, 51, 687643), 'updated': '1990-01-01'}
INFO:sqlalchemy.engine.Engine:COMMIT
ERROR:sqlalchemy.pool.impl.QueuePool:Exception during reset or similar
Traceback (most recent call last):
  File "/home/egonzalez/project/tripleup/venv/lib64/python3.12/site-packages/pymysql/connections.py", line 806, in _write_bytes
    self._sock.sendall(data)
ConnectionResetError: [Errno 104] Connection reset by peer

During handling of the above exception, another exception occurred:

Traceback (most recent call last):
  File "/home/egonzalez/project/tripleup/venv/lib64/python3.12/site-packages/sqlalchemy/pool/base.py", line 987, in _finalize_fairy
    fairy._reset(
  File "/home/egonzalez/project/tripleup/venv/lib64/python3.12/site-packages/sqlalchemy/pool/base.py", line 1433, in _reset
    pool._dialect.do_rollback(self)
  File "/home/egonzalez/project/tripleup/venv/lib64/python3.12/site-packages/sqlalchemy/engine/default.py", line 703, in do_rollback
    dbapi_connection.rollback()
  File "/home/egonzalez/project/tripleup/venv/lib64/python3.12/site-packages/pymysql/connections.py", line 492, in rollback
    self._execute_command(COMMAND.COM_QUERY, "ROLLBACK")
  File "/home/egonzalez/project/tripleup/venv/lib64/python3.12/site-packages/pymysql/connections.py", line 864, in _execute_command
    self._write_bytes(packet)
  File "/home/egonzalez/project/tripleup/venv/lib64/python3.12/site-packages/pymysql/connections.py", line 809, in _write_bytes
    raise err.OperationalError(
pymysql.err.OperationalError: (2006, "MySQL server has gone away (ConnectionResetError(104, 'Connection reset by peer'))")
